::1 - - [07/Nov/2018:02:56:12 +0000] "GET / HTTP/1.1" 200 30424 "-" "Mozilla/5.0 (Windows NT 10.0; Win64; x64) AppleWebKit/537.36 (KHTML, like Gecko) Chrome/70.0.3538.77 Safari/537.36"
::1 - - [07/Nov/2018:02:56:12 +0000] "GET /index.b4f6bcb9.css?b4f6bcb9a99f4f2d5e9c HTTP/1.1" 200 71536 "http://localhost:3000/" "Mozilla/5.0 (Windows NT 10.0; Win64; x64) AppleWebKit/537.36 (KHTML, like Gecko) Chrome/70.0.3538.77 Safari/537.36"
::1 - - [07/Nov/2018:02:56:12 +0000] "GET /index.b4f6bcb9a99f4f2d5e9c.js?b4f6bcb9a99f4f2d5e9c HTTP/1.1" 200 1564137 "http://localhost:3000/" "Mozilla/5.0 (Windows NT 10.0; Win64; x64) AppleWebKit/537.36 (KHTML, like Gecko) Chrome/70.0.3538.77 Safari/537.36"
::1 - - [07/Nov/2018:02:56:14 +0000] "GET /favicon.ico HTTP/1.1" 404 150 "http://localhost:3000/" "Mozilla/5.0 (Windows NT 10.0; Win64; x64) AppleWebKit/537.36 (KHTML, like Gecko) Chrome/70.0.3538.77 Safari/537.36"
::1 - - [07/Nov/2018:02:56:15 +0000] "GET /news-list.html HTTP/1.1" 200 41844 "http://localhost:3000/" "Mozilla/5.0 (Windows NT 10.0; Win64; x64) AppleWebKit/537.36 (KHTML, like Gecko) Chrome/70.0.3538.77 Safari/537.36"
::1 - - [07/Nov/2018:02:56:15 +0000] "GET /__webpack_hmr HTTP/1.1" 200 - "http://localhost:3000/" "Mozilla/5.0 (Windows NT 10.0; Win64; x64) AppleWebKit/537.36 (KHTML, like Gecko) Chrome/70.0.3538.77 Safari/537.36"
::1 - - [07/Nov/2018:02:56:15 +0000] "GET /news-list.b4f6bcb9.css?b4f6bcb9a99f4f2d5e9c HTTP/1.1" 200 57438 "http://localhost:3000/news-list.html" "Mozilla/5.0 (Windows NT 10.0; Win64; x64) AppleWebKit/537.36 (KHTML, like Gecko) Chrome/70.0.3538.77 Safari/537.36"
::1 - - [07/Nov/2018:02:56:15 +0000] "GET /news-list.b4f6bcb9a99f4f2d5e9c.js?b4f6bcb9a99f4f2d5e9c HTTP/1.1" 200 1541675 "http://localhost:3000/news-list.html" "Mozilla/5.0 (Windows NT 10.0; Win64; x64) AppleWebKit/537.36 (KHTML, like Gecko) Chrome/70.0.3538.77 Safari/537.36"
::1 - - [07/Nov/2018:02:56:17 +0000] "GET /index.html HTTP/1.1" 302 46 "http://localhost:3000/news-list.html" "Mozilla/5.0 (Windows NT 10.0; Win64; x64) AppleWebKit/537.36 (KHTML, like Gecko) Chrome/70.0.3538.77 Safari/537.36"
::1 - - [07/Nov/2018:02:56:17 +0000] "GET / HTTP/1.1" 200 54191 "http://localhost:3000/news-list.html" "Mozilla/5.0 (Windows NT 10.0; Win64; x64) AppleWebKit/537.36 (KHTML, like Gecko) Chrome/70.0.3538.77 Safari/537.36"
::1 - - [07/Nov/2018:02:56:17 +0000] "GET /__webpack_hmr HTTP/1.1" 200 - "http://localhost:3000/news-list.html" "Mozilla/5.0 (Windows NT 10.0; Win64; x64) AppleWebKit/537.36 (KHTML, like Gecko) Chrome/70.0.3538.77 Safari/537.36"
::1 - - [07/Nov/2018:02:56:17 +0000] "GET /index.b4f6bcb9.css?b4f6bcb9a99f4f2d5e9c HTTP/1.1" 304 - "http://localhost:3000/" "Mozilla/5.0 (Windows NT 10.0; Win64; x64) AppleWebKit/537.36 (KHTML, like Gecko) Chrome/70.0.3538.77 Safari/537.36"
::1 - - [07/Nov/2018:02:56:17 +0000] "GET /index.b4f6bcb9a99f4f2d5e9c.js?b4f6bcb9a99f4f2d5e9c HTTP/1.1" 304 - "http://localhost:3000/" "Mozilla/5.0 (Windows NT 10.0; Win64; x64) AppleWebKit/537.36 (KHTML, like Gecko) Chrome/70.0.3538.77 Safari/537.36"
::1 - - [07/Nov/2018:02:56:50 +0000] "GET /b4f6bcb9a99f4f2d5e9c.hot-update.json HTTP/1.1" 200 35 "http://localhost:3000/" "Mozilla/5.0 (Windows NT 10.0; Win64; x64) AppleWebKit/537.36 (KHTML, like Gecko) Chrome/70.0.3538.77 Safari/537.36"
::1 - - [07/Nov/2018:02:56:52 +0000] "GET / HTTP/1.1" 200 54191 "http://localhost:3000/news-list.html" "Mozilla/5.0 (Windows NT 10.0; Win64; x64) AppleWebKit/537.36 (KHTML, like Gecko) Chrome/70.0.3538.77 Safari/537.36"
::1 - - [07/Nov/2018:02:56:52 +0000] "GET /__webpack_hmr HTTP/1.1" 200 - "http://localhost:3000/" "Mozilla/5.0 (Windows NT 10.0; Win64; x64) AppleWebKit/537.36 (KHTML, like Gecko) Chrome/70.0.3538.77 Safari/537.36"
::1 - - [07/Nov/2018:02:56:52 +0000] "GET /index.065df371.css?065df3718c0c71ae7b7c HTTP/1.1" 200 71536 "http://localhost:3000/" "Mozilla/5.0 (Windows NT 10.0; Win64; x64) AppleWebKit/537.36 (KHTML, like Gecko) Chrome/70.0.3538.77 Safari/537.36"
::1 - - [07/Nov/2018:02:56:52 +0000] "GET /index.065df3718c0c71ae7b7c.js?065df3718c0c71ae7b7c HTTP/1.1" 200 1564137 "http://localhost:3000/" "Mozilla/5.0 (Windows NT 10.0; Win64; x64) AppleWebKit/537.36 (KHTML, like Gecko) Chrome/70.0.3538.77 Safari/537.36"
::1 - - [07/Nov/2018:02:58:42 +0000] "GET /065df3718c0c71ae7b7c.hot-update.json HTTP/1.1" 404 175 "http://localhost:3000/" "Mozilla/5.0 (Windows NT 10.0; Win64; x64) AppleWebKit/537.36 (KHTML, like Gecko) Chrome/70.0.3538.77 Safari/537.36"
::1 - - [07/Nov/2018:02:58:42 +0000] "GET / HTTP/1.1" 200 30424 "http://localhost:3000/" "Mozilla/5.0 (Windows NT 10.0; Win64; x64) AppleWebKit/537.36 (KHTML, like Gecko) Chrome/70.0.3538.77 Safari/537.36"
::1 - - [07/Nov/2018:02:58:43 +0000] "GET /__webpack_hmr HTTP/1.1" 200 - "http://localhost:3000/" "Mozilla/5.0 (Windows NT 10.0; Win64; x64) AppleWebKit/537.36 (KHTML, like Gecko) Chrome/70.0.3538.77 Safari/537.36"
::1 - - [07/Nov/2018:02:58:43 +0000] "GET /index.b4f6bcb9.css?b4f6bcb9a99f4f2d5e9c HTTP/1.1" 304 - "http://localhost:3000/" "Mozilla/5.0 (Windows NT 10.0; Win64; x64) AppleWebKit/537.36 (KHTML, like Gecko) Chrome/70.0.3538.77 Safari/537.36"
::1 - - [07/Nov/2018:02:58:43 +0000] "GET /index.b4f6bcb9a99f4f2d5e9c.js?b4f6bcb9a99f4f2d5e9c HTTP/1.1" 304 - "http://localhost:3000/" "Mozilla/5.0 (Windows NT 10.0; Win64; x64) AppleWebKit/537.36 (KHTML, like Gecko) Chrome/70.0.3538.77 Safari/537.36"
::1 - - [07/Nov/2018:03:01:21 +0000] "GET /b4f6bcb9a99f4f2d5e9c.hot-update.json HTTP/1.1" 304 - "http://localhost:3000/" "Mozilla/5.0 (Windows NT 10.0; Win64; x64) AppleWebKit/537.36 (KHTML, like Gecko) Chrome/70.0.3538.77 Safari/537.36"
::1 - - [07/Nov/2018:03:01:27 +0000] "GET /065df3718c0c71ae7b7c.hot-update.json HTTP/1.1" 200 35 "http://localhost:3000/" "Mozilla/5.0 (Windows NT 10.0; Win64; x64) AppleWebKit/537.36 (KHTML, like Gecko) Chrome/70.0.3538.77 Safari/537.36"
::1 - - [07/Nov/2018:03:01:34 +0000] "GET /e17275a3fbddd0c45f98.hot-update.json HTTP/1.1" 200 35 "http://localhost:3000/" "Mozilla/5.0 (Windows NT 10.0; Win64; x64) AppleWebKit/537.36 (KHTML, like Gecko) Chrome/70.0.3538.77 Safari/537.36"
::1 - - [07/Nov/2018:03:02:29 +0000] "GET /bd1d28f34098c5cdb454.hot-update.json HTTP/1.1" 404 175 "http://localhost:3000/" "Mozilla/5.0 (Windows NT 10.0; Win64; x64) AppleWebKit/537.36 (KHTML, like Gecko) Chrome/70.0.3538.77 Safari/537.36"
::1 - - [07/Nov/2018:03:02:29 +0000] "GET / HTTP/1.1" 304 - "http://localhost:3000/" "Mozilla/5.0 (Windows NT 10.0; Win64; x64) AppleWebKit/537.36 (KHTML, like Gecko) Chrome/70.0.3538.77 Safari/537.36"
::1 - - [07/Nov/2018:03:02:29 +0000] "GET /__webpack_hmr HTTP/1.1" 200 - "http://localhost:3000/" "Mozilla/5.0 (Windows NT 10.0; Win64; x64) AppleWebKit/537.36 (KHTML, like Gecko) Chrome/70.0.3538.77 Safari/537.36"
::1 - - [07/Nov/2018:03:02:29 +0000] "GET /index.b4f6bcb9.css?b4f6bcb9a99f4f2d5e9c HTTP/1.1" 304 - "http://localhost:3000/" "Mozilla/5.0 (Windows NT 10.0; Win64; x64) AppleWebKit/537.36 (KHTML, like Gecko) Chrome/70.0.3538.77 Safari/537.36"
::1 - - [07/Nov/2018:03:02:29 +0000] "GET /index.b4f6bcb9a99f4f2d5e9c.js?b4f6bcb9a99f4f2d5e9c HTTP/1.1" 304 - "http://localhost:3000/" "Mozilla/5.0 (Windows NT 10.0; Win64; x64) AppleWebKit/537.36 (KHTML, like Gecko) Chrome/70.0.3538.77 Safari/537.36"
::1 - - [07/Nov/2018:03:02:35 +0000] "GET /b4f6bcb9a99f4f2d5e9c.hot-update.json HTTP/1.1" 304 - "http://localhost:3000/" "Mozilla/5.0 (Windows NT 10.0; Win64; x64) AppleWebKit/537.36 (KHTML, like Gecko) Chrome/70.0.3538.77 Safari/537.36"
::1 - - [07/Nov/2018:03:05:32 +0000] "GET /065df3718c0c71ae7b7c.hot-update.json HTTP/1.1" 404 175 "http://localhost:3000/" "Mozilla/5.0 (Windows NT 10.0; Win64; x64) AppleWebKit/537.36 (KHTML, like Gecko) Chrome/70.0.3538.77 Safari/537.36"
::1 - - [07/Nov/2018:03:05:32 +0000] "GET / HTTP/1.1" 304 - "http://localhost:3000/" "Mozilla/5.0 (Windows NT 10.0; Win64; x64) AppleWebKit/537.36 (KHTML, like Gecko) Chrome/70.0.3538.77 Safari/537.36"
::1 - - [07/Nov/2018:03:05:32 +0000] "GET /__webpack_hmr HTTP/1.1" 200 - "http://localhost:3000/" "Mozilla/5.0 (Windows NT 10.0; Win64; x64) AppleWebKit/537.36 (KHTML, like Gecko) Chrome/70.0.3538.77 Safari/537.36"
::1 - - [07/Nov/2018:03:05:33 +0000] "GET /index.b4f6bcb9.css?b4f6bcb9a99f4f2d5e9c HTTP/1.1" 304 - "http://localhost:3000/" "Mozilla/5.0 (Windows NT 10.0; Win64; x64) AppleWebKit/537.36 (KHTML, like Gecko) Chrome/70.0.3538.77 Safari/537.36"
::1 - - [07/Nov/2018:03:05:33 +0000] "GET /index.b4f6bcb9a99f4f2d5e9c.js?b4f6bcb9a99f4f2d5e9c HTTP/1.1" 304 - "http://localhost:3000/" "Mozilla/5.0 (Windows NT 10.0; Win64; x64) AppleWebKit/537.36 (KHTML, like Gecko) Chrome/70.0.3538.77 Safari/537.36"
::1 - - [07/Nov/2018:03:05:40 +0000] "GET /b4f6bcb9a99f4f2d5e9c.hot-update.json HTTP/1.1" 304 - "http://localhost:3000/" "Mozilla/5.0 (Windows NT 10.0; Win64; x64) AppleWebKit/537.36 (KHTML, like Gecko) Chrome/70.0.3538.77 Safari/537.36"
::1 - - [07/Nov/2018:03:05:47 +0000] "GET /065df3718c0c71ae7b7c.hot-update.json HTTP/1.1" 200 35 "http://localhost:3000/" "Mozilla/5.0 (Windows NT 10.0; Win64; x64) AppleWebKit/537.36 (KHTML, like Gecko) Chrome/70.0.3538.77 Safari/537.36"
::1 - - [07/Nov/2018:06:48:54 +0000] "GET /08eec60fd12b1fec6734.hot-update.json HTTP/1.1" 200 35 "http://localhost:3000/" "Mozilla/5.0 (Windows NT 10.0; Win64; x64) AppleWebKit/537.36 (KHTML, like Gecko) Chrome/70.0.3538.77 Safari/537.36"
::1 - - [07/Nov/2018:07:00:52 +0000] "GET /18026eb1a76382935479.hot-update.json HTTP/1.1" 404 175 "http://localhost:3000/" "Mozilla/5.0 (Windows NT 10.0; Win64; x64) AppleWebKit/537.36 (KHTML, like Gecko) Chrome/70.0.3538.77 Safari/537.36"
::1 - - [07/Nov/2018:07:00:52 +0000] "GET / HTTP/1.1" 304 - "http://localhost:3000/" "Mozilla/5.0 (Windows NT 10.0; Win64; x64) AppleWebKit/537.36 (KHTML, like Gecko) Chrome/70.0.3538.77 Safari/537.36"
::1 - - [07/Nov/2018:07:00:52 +0000] "GET /__webpack_hmr HTTP/1.1" 200 - "http://localhost:3000/" "Mozilla/5.0 (Windows NT 10.0; Win64; x64) AppleWebKit/537.36 (KHTML, like Gecko) Chrome/70.0.3538.77 Safari/537.36"
::1 - - [07/Nov/2018:07:00:52 +0000] "GET /index.b4f6bcb9.css?b4f6bcb9a99f4f2d5e9c HTTP/1.1" 304 - "http://localhost:3000/" "Mozilla/5.0 (Windows NT 10.0; Win64; x64) AppleWebKit/537.36 (KHTML, like Gecko) Chrome/70.0.3538.77 Safari/537.36"
::1 - - [07/Nov/2018:07:00:52 +0000] "GET /index.b4f6bcb9a99f4f2d5e9c.js?b4f6bcb9a99f4f2d5e9c HTTP/1.1" 304 - "http://localhost:3000/" "Mozilla/5.0 (Windows NT 10.0; Win64; x64) AppleWebKit/537.36 (KHTML, like Gecko) Chrome/70.0.3538.77 Safari/537.36"
::1 - - [07/Nov/2018:07:01:05 +0000] "GET / HTTP/1.1" 200 54191 "-" "Mozilla/5.0 (Windows NT 10.0; Win64; x64) AppleWebKit/537.36 (KHTML, like Gecko) Chrome/70.0.3538.77 Safari/537.36"
::1 - - [07/Nov/2018:07:01:05 +0000] "GET /index.b4f6bcb9.css?b4f6bcb9a99f4f2d5e9c HTTP/1.1" 304 - "http://localhost:3000/" "Mozilla/5.0 (Windows NT 10.0; Win64; x64) AppleWebKit/537.36 (KHTML, like Gecko) Chrome/70.0.3538.77 Safari/537.36"
::1 - - [07/Nov/2018:07:01:05 +0000] "GET /index.b4f6bcb9a99f4f2d5e9c.js?b4f6bcb9a99f4f2d5e9c HTTP/1.1" 304 - "http://localhost:3000/" "Mozilla/5.0 (Windows NT 10.0; Win64; x64) AppleWebKit/537.36 (KHTML, like Gecko) Chrome/70.0.3538.77 Safari/537.36"
::1 - - [07/Nov/2018:07:01:19 +0000] "GET /index.b4f6bcb9.css?b4f6bcb9a99f4f2d5e9c HTTP/1.1" 304 - "http://localhost:3000/" "Mozilla/5.0 (Windows NT 10.0; Win64; x64) AppleWebKit/537.36 (KHTML, like Gecko) Chrome/70.0.3538.77 Safari/537.36"
::1 - - [07/Nov/2018:07:01:39 +0000] "GET /b4f6bcb9a99f4f2d5e9c.hot-update.json HTTP/1.1" 200 47 "http://localhost:3000/" "Mozilla/5.0 (Windows NT 10.0; Win64; x64) AppleWebKit/537.36 (KHTML, like Gecko) Chrome/70.0.3538.77 Safari/537.36"
::1 - - [07/Nov/2018:07:01:39 +0000] "GET /index.b4f6bcb9a99f4f2d5e9c.hot-update.js HTTP/1.1" 200 24645 "http://localhost:3000/" "Mozilla/5.0 (Windows NT 10.0; Win64; x64) AppleWebKit/537.36 (KHTML, like Gecko) Chrome/70.0.3538.77 Safari/537.36"
::1 - - [07/Nov/2018:07:01:39 +0000] "GET / HTTP/1.1" 200 54191 "http://localhost:3000/" "Mozilla/5.0 (Windows NT 10.0; Win64; x64) AppleWebKit/537.36 (KHTML, like Gecko) Chrome/70.0.3538.77 Safari/537.36"
::1 - - [07/Nov/2018:07:01:39 +0000] "GET /__webpack_hmr HTTP/1.1" 200 - "http://localhost:3000/" "Mozilla/5.0 (Windows NT 10.0; Win64; x64) AppleWebKit/537.36 (KHTML, like Gecko) Chrome/70.0.3538.77 Safari/537.36"
::1 - - [07/Nov/2018:07:01:39 +0000] "GET /index.314c99f5.css?314c99f5fcde7a4ba2a8 HTTP/1.1" 200 71536 "http://localhost:3000/" "Mozilla/5.0 (Windows NT 10.0; Win64; x64) AppleWebKit/537.36 (KHTML, like Gecko) Chrome/70.0.3538.77 Safari/537.36"
::1 - - [07/Nov/2018:07:01:39 +0000] "GET /index.314c99f5fcde7a4ba2a8.js?314c99f5fcde7a4ba2a8 HTTP/1.1" 200 1564254 "http://localhost:3000/" "Mozilla/5.0 (Windows NT 10.0; Win64; x64) AppleWebKit/537.36 (KHTML, like Gecko) Chrome/70.0.3538.77 Safari/537.36"
::1 - - [07/Nov/2018:07:01:39 +0000] "GET /b4f6bcb9a99f4f2d5e9c.hot-update.json HTTP/1.1" 304 - "http://localhost:3000/" "Mozilla/5.0 (Windows NT 10.0; Win64; x64) AppleWebKit/537.36 (KHTML, like Gecko) Chrome/70.0.3538.77 Safari/537.36"
::1 - - [07/Nov/2018:07:01:39 +0000] "GET /index.b4f6bcb9a99f4f2d5e9c.hot-update.js HTTP/1.1" 304 - "http://localhost:3000/" "Mozilla/5.0 (Windows NT 10.0; Win64; x64) AppleWebKit/537.36 (KHTML, like Gecko) Chrome/70.0.3538.77 Safari/537.36"
::1 - - [07/Nov/2018:07:01:40 +0000] "GET / HTTP/1.1" 304 - "http://localhost:3000/" "Mozilla/5.0 (Windows NT 10.0; Win64; x64) AppleWebKit/537.36 (KHTML, like Gecko) Chrome/70.0.3538.77 Safari/537.36"
::1 - - [07/Nov/2018:07:01:40 +0000] "GET /__webpack_hmr HTTP/1.1" 200 - "http://localhost:3000/" "Mozilla/5.0 (Windows NT 10.0; Win64; x64) AppleWebKit/537.36 (KHTML, like Gecko) Chrome/70.0.3538.77 Safari/537.36"
::1 - - [07/Nov/2018:07:01:40 +0000] "GET /index.314c99f5.css?314c99f5fcde7a4ba2a8 HTTP/1.1" 304 - "http://localhost:3000/" "Mozilla/5.0 (Windows NT 10.0; Win64; x64) AppleWebKit/537.36 (KHTML, like Gecko) Chrome/70.0.3538.77 Safari/537.36"
::1 - - [07/Nov/2018:07:01:40 +0000] "GET /index.314c99f5fcde7a4ba2a8.js?314c99f5fcde7a4ba2a8 HTTP/1.1" 304 - "http://localhost:3000/" "Mozilla/5.0 (Windows NT 10.0; Win64; x64) AppleWebKit/537.36 (KHTML, like Gecko) Chrome/70.0.3538.77 Safari/537.36"
::1 - - [07/Nov/2018:07:02:38 +0000] "GET /314c99f5fcde7a4ba2a8.hot-update.json HTTP/1.1" 404 175 "http://localhost:3000/" "Mozilla/5.0 (Windows NT 10.0; Win64; x64) AppleWebKit/537.36 (KHTML, like Gecko) Chrome/70.0.3538.77 Safari/537.36"
::1 - - [07/Nov/2018:07:02:38 +0000] "GET / HTTP/1.1" 200 30424 "http://localhost:3000/" "Mozilla/5.0 (Windows NT 10.0; Win64; x64) AppleWebKit/537.36 (KHTML, like Gecko) Chrome/70.0.3538.77 Safari/537.36"
::1 - - [07/Nov/2018:07:02:38 +0000] "GET /__webpack_hmr HTTP/1.1" 200 - "http://localhost:3000/" "Mozilla/5.0 (Windows NT 10.0; Win64; x64) AppleWebKit/537.36 (KHTML, like Gecko) Chrome/70.0.3538.77 Safari/537.36"
::1 - - [07/Nov/2018:07:02:38 +0000] "GET /index.6969d93a.css?6969d93a334e8706f124 HTTP/1.1" 200 71536 "http://localhost:3000/" "Mozilla/5.0 (Windows NT 10.0; Win64; x64) AppleWebKit/537.36 (KHTML, like Gecko) Chrome/70.0.3538.77 Safari/537.36"
::1 - - [07/Nov/2018:07:02:38 +0000] "GET /index.6969d93a334e8706f124.js?6969d93a334e8706f124 HTTP/1.1" 200 1564254 "http://localhost:3000/" "Mozilla/5.0 (Windows NT 10.0; Win64; x64) AppleWebKit/537.36 (KHTML, like Gecko) Chrome/70.0.3538.77 Safari/537.36"
::1 - - [07/Nov/2018:07:02:53 +0000] "GET /6969d93a334e8706f124.hot-update.json HTTP/1.1" 200 47 "http://localhost:3000/" "Mozilla/5.0 (Windows NT 10.0; Win64; x64) AppleWebKit/537.36 (KHTML, like Gecko) Chrome/70.0.3538.77 Safari/537.36"
::1 - - [07/Nov/2018:07:02:53 +0000] "GET /index.6969d93a334e8706f124.hot-update.js HTTP/1.1" 200 24652 "http://localhost:3000/" "Mozilla/5.0 (Windows NT 10.0; Win64; x64) AppleWebKit/537.36 (KHTML, like Gecko) Chrome/70.0.3538.77 Safari/537.36"
::1 - - [07/Nov/2018:07:02:53 +0000] "GET / HTTP/1.1" 200 54191 "http://localhost:3000/" "Mozilla/5.0 (Windows NT 10.0; Win64; x64) AppleWebKit/537.36 (KHTML, like Gecko) Chrome/70.0.3538.77 Safari/537.36"
::1 - - [07/Nov/2018:07:02:53 +0000] "GET /__webpack_hmr HTTP/1.1" 200 - "http://localhost:3000/" "Mozilla/5.0 (Windows NT 10.0; Win64; x64) AppleWebKit/537.36 (KHTML, like Gecko) Chrome/70.0.3538.77 Safari/537.36"
::1 - - [07/Nov/2018:07:02:54 +0000] "GET /index.339cb6b5.css?339cb6b53822560c5fca HTTP/1.1" 200 71536 "http://localhost:3000/" "Mozilla/5.0 (Windows NT 10.0; Win64; x64) AppleWebKit/537.36 (KHTML, like Gecko) Chrome/70.0.3538.77 Safari/537.36"
::1 - - [07/Nov/2018:07:02:54 +0000] "GET /index.339cb6b53822560c5fca.js?339cb6b53822560c5fca HTTP/1.1" 200 1564261 "http://localhost:3000/" "Mozilla/5.0 (Windows NT 10.0; Win64; x64) AppleWebKit/537.36 (KHTML, like Gecko) Chrome/70.0.3538.77 Safari/537.36"
::1 - - [07/Nov/2018:07:02:59 +0000] "GET /314c99f5fcde7a4ba2a8.hot-update.json HTTP/1.1" 404 175 "http://localhost:3000/" "Mozilla/5.0 (Windows NT 10.0; Win64; x64) AppleWebKit/537.36 (KHTML, like Gecko) Chrome/70.0.3538.77 Safari/537.36"
::1 - - [07/Nov/2018:07:02:59 +0000] "GET / HTTP/1.1" 304 - "http://localhost:3000/" "Mozilla/5.0 (Windows NT 10.0; Win64; x64) AppleWebKit/537.36 (KHTML, like Gecko) Chrome/70.0.3538.77 Safari/537.36"
::1 - - [07/Nov/2018:07:03:01 +0000] "GET /__webpack_hmr HTTP/1.1" 200 - "http://localhost:3000/" "Mozilla/5.0 (Windows NT 10.0; Win64; x64) AppleWebKit/537.36 (KHTML, like Gecko) Chrome/70.0.3538.77 Safari/537.36"
::1 - - [07/Nov/2018:07:03:02 +0000] "GET /index.339cb6b5.css?339cb6b53822560c5fca HTTP/1.1" 304 - "http://localhost:3000/" "Mozilla/5.0 (Windows NT 10.0; Win64; x64) AppleWebKit/537.36 (KHTML, like Gecko) Chrome/70.0.3538.77 Safari/537.36"
::1 - - [07/Nov/2018:07:03:02 +0000] "GET /339cb6b53822560c5fca.hot-update.json HTTP/1.1" 200 47 "http://localhost:3000/" "Mozilla/5.0 (Windows NT 10.0; Win64; x64) AppleWebKit/537.36 (KHTML, like Gecko) Chrome/70.0.3538.77 Safari/537.36"
::1 - - [07/Nov/2018:07:03:02 +0000] "GET /index.339cb6b53822560c5fca.js?339cb6b53822560c5fca HTTP/1.1" 304 - "http://localhost:3000/" "Mozilla/5.0 (Windows NT 10.0; Win64; x64) AppleWebKit/537.36 (KHTML, like Gecko) Chrome/70.0.3538.77 Safari/537.36"
::1 - - [07/Nov/2018:07:03:02 +0000] "GET /index.339cb6b53822560c5fca.hot-update.js HTTP/1.1" 200 24528 "http://localhost:3000/" "Mozilla/5.0 (Windows NT 10.0; Win64; x64) AppleWebKit/537.36 (KHTML, like Gecko) Chrome/70.0.3538.77 Safari/537.36"
::1 - - [07/Nov/2018:07:03:02 +0000] "GET / HTTP/1.1" 200 54191 "http://localhost:3000/" "Mozilla/5.0 (Windows NT 10.0; Win64; x64) AppleWebKit/537.36 (KHTML, like Gecko) Chrome/70.0.3538.77 Safari/537.36"
::1 - - [07/Nov/2018:07:03:02 +0000] "GET /__webpack_hmr HTTP/1.1" 200 - "http://localhost:3000/" "Mozilla/5.0 (Windows NT 10.0; Win64; x64) AppleWebKit/537.36 (KHTML, like Gecko) Chrome/70.0.3538.77 Safari/537.36"
::1 - - [07/Nov/2018:07:03:02 +0000] "GET /index.d70be856.css?d70be856de9760fdd24a HTTP/1.1" 200 71536 "http://localhost:3000/" "Mozilla/5.0 (Windows NT 10.0; Win64; x64) AppleWebKit/537.36 (KHTML, like Gecko) Chrome/70.0.3538.77 Safari/537.36"
::1 - - [07/Nov/2018:07:03:02 +0000] "GET /index.d70be856de9760fdd24a.js?d70be856de9760fdd24a HTTP/1.1" 200 1564137 "http://localhost:3000/" "Mozilla/5.0 (Windows NT 10.0; Win64; x64) AppleWebKit/537.36 (KHTML, like Gecko) Chrome/70.0.3538.77 Safari/537.36"
::1 - - [07/Nov/2018:07:03:04 +0000] "GET /339cb6b53822560c5fca.hot-update.json HTTP/1.1" 304 - "http://localhost:3000/" "Mozilla/5.0 (Windows NT 10.0; Win64; x64) AppleWebKit/537.36 (KHTML, like Gecko) Chrome/70.0.3538.77 Safari/537.36"
::1 - - [07/Nov/2018:07:03:04 +0000] "GET /index.339cb6b53822560c5fca.hot-update.js HTTP/1.1" 304 - "http://localhost:3000/" "Mozilla/5.0 (Windows NT 10.0; Win64; x64) AppleWebKit/537.36 (KHTML, like Gecko) Chrome/70.0.3538.77 Safari/537.36"
::1 - - [07/Nov/2018:07:03:04 +0000] "GET / HTTP/1.1" 304 - "http://localhost:3000/" "Mozilla/5.0 (Windows NT 10.0; Win64; x64) AppleWebKit/537.36 (KHTML, like Gecko) Chrome/70.0.3538.77 Safari/537.36"
::1 - - [07/Nov/2018:07:03:04 +0000] "GET /__webpack_hmr HTTP/1.1" 200 - "http://localhost:3000/" "Mozilla/5.0 (Windows NT 10.0; Win64; x64) AppleWebKit/537.36 (KHTML, like Gecko) Chrome/70.0.3538.77 Safari/537.36"
::1 - - [07/Nov/2018:07:03:04 +0000] "GET /index.d70be856.css?d70be856de9760fdd24a HTTP/1.1" 304 - "http://localhost:3000/" "Mozilla/5.0 (Windows NT 10.0; Win64; x64) AppleWebKit/537.36 (KHTML, like Gecko) Chrome/70.0.3538.77 Safari/537.36"
::1 - - [07/Nov/2018:07:03:04 +0000] "GET /index.d70be856de9760fdd24a.js?d70be856de9760fdd24a HTTP/1.1" 304 - "http://localhost:3000/" "Mozilla/5.0 (Windows NT 10.0; Win64; x64) AppleWebKit/537.36 (KHTML, like Gecko) Chrome/70.0.3538.77 Safari/537.36"
::1 - - [07/Nov/2018:07:03:55 +0000] "GET /__webpack_hmr HTTP/1.1" - - "http://localhost:3000/" "Mozilla/5.0 (Windows NT 10.0; Win64; x64) AppleWebKit/537.36 (KHTML, like Gecko) Chrome/70.0.3538.77 Safari/537.36"
::1 - - [07/Nov/2018:07:03:55 +0000] "GET / HTTP/1.1" - - "http://localhost:3000/" "Mozilla/5.0 (Windows NT 10.0; Win64; x64) AppleWebKit/537.36 (KHTML, like Gecko) Chrome/70.0.3538.77 Safari/537.36"
::1 - - [07/Nov/2018:07:03:59 +0000] "GET / HTTP/1.1" 200 30443 "http://localhost:3000/" "Mozilla/5.0 (Windows NT 10.0; Win64; x64) AppleWebKit/537.36 (KHTML, like Gecko) Chrome/70.0.3538.77 Safari/537.36"
::1 - - [07/Nov/2018:07:03:59 +0000] "GET /index.4aa0e4ac.css?4aa0e4ace0f288bc5441 HTTP/1.1" 200 71536 "http://localhost:3000/" "Mozilla/5.0 (Windows NT 10.0; Win64; x64) AppleWebKit/537.36 (KHTML, like Gecko) Chrome/70.0.3538.77 Safari/537.36"
::1 - - [07/Nov/2018:07:03:59 +0000] "GET /index.4aa0e4ace0f288bc5441.js?4aa0e4ace0f288bc5441 HTTP/1.1" 200 1564137 "http://localhost:3000/" "Mozilla/5.0 (Windows NT 10.0; Win64; x64) AppleWebKit/537.36 (KHTML, like Gecko) Chrome/70.0.3538.77 Safari/537.36"
::1 - - [07/Nov/2018:07:04:36 +0000] "GET /4aa0e4ace0f288bc5441.hot-update.json HTTP/1.1" 404 175 "http://localhost:3000/" "Mozilla/5.0 (Windows NT 10.0; Win64; x64) AppleWebKit/537.36 (KHTML, like Gecko) Chrome/70.0.3538.77 Safari/537.36"
::1 - - [07/Nov/2018:07:04:36 +0000] "GET / HTTP/1.1" 200 30424 "http://localhost:3000/" "Mozilla/5.0 (Windows NT 10.0; Win64; x64) AppleWebKit/537.36 (KHTML, like Gecko) Chrome/70.0.3538.77 Safari/537.36"
::1 - - [07/Nov/2018:07:04:36 +0000] "GET /__webpack_hmr HTTP/1.1" 200 - "http://localhost:3000/" "Mozilla/5.0 (Windows NT 10.0; Win64; x64) AppleWebKit/537.36 (KHTML, like Gecko) Chrome/70.0.3538.77 Safari/537.36"
::1 - - [07/Nov/2018:07:04:36 +0000] "GET /index.b4f6bcb9.css?b4f6bcb9a99f4f2d5e9c HTTP/1.1" 304 - "http://localhost:3000/" "Mozilla/5.0 (Windows NT 10.0; Win64; x64) AppleWebKit/537.36 (KHTML, like Gecko) Chrome/70.0.3538.77 Safari/537.36"
::1 - - [07/Nov/2018:07:04:36 +0000] "GET /index.b4f6bcb9a99f4f2d5e9c.js?b4f6bcb9a99f4f2d5e9c HTTP/1.1" 304 - "http://localhost:3000/" "Mozilla/5.0 (Windows NT 10.0; Win64; x64) AppleWebKit/537.36 (KHTML, like Gecko) Chrome/70.0.3538.77 Safari/537.36"
::1 - - [07/Nov/2018:07:06:33 +0000] "GET / HTTP/1.1" 200 30426 "http://localhost:3000/" "Mozilla/5.0 (Windows NT 10.0; Win64; x64) AppleWebKit/537.36 (KHTML, like Gecko) Chrome/70.0.3538.77 Safari/537.36"
::1 - - [07/Nov/2018:07:06:33 +0000] "GET /__webpack_hmr HTTP/1.1" 200 - "http://localhost:3000/" "Mozilla/5.0 (Windows NT 10.0; Win64; x64) AppleWebKit/537.36 (KHTML, like Gecko) Chrome/70.0.3538.77 Safari/537.36"
::1 - - [07/Nov/2018:07:06:33 +0000] "GET /index.8e4d144e.css?8e4d144e823c44dc8606 HTTP/1.1" 200 71536 "http://localhost:3000/" "Mozilla/5.0 (Windows NT 10.0; Win64; x64) AppleWebKit/537.36 (KHTML, like Gecko) Chrome/70.0.3538.77 Safari/537.36"
::1 - - [07/Nov/2018:07:06:33 +0000] "GET /index.8e4d144e823c44dc8606.js?8e4d144e823c44dc8606 HTTP/1.1" 200 1564137 "http://localhost:3000/" "Mozilla/5.0 (Windows NT 10.0; Win64; x64) AppleWebKit/537.36 (KHTML, like Gecko) Chrome/70.0.3538.77 Safari/537.36"
::1 - - [07/Nov/2018:07:06:48 +0000] "GET /d70be856de9760fdd24a.hot-update.json HTTP/1.1" 404 175 "http://localhost:3000/" "Mozilla/5.0 (Windows NT 10.0; Win64; x64) AppleWebKit/537.36 (KHTML, like Gecko) Chrome/70.0.3538.77 Safari/537.36"
::1 - - [07/Nov/2018:07:06:49 +0000] "GET / HTTP/1.1" 200 54193 "http://localhost:3000/" "Mozilla/5.0 (Windows NT 10.0; Win64; x64) AppleWebKit/537.36 (KHTML, like Gecko) Chrome/70.0.3538.77 Safari/537.36"
::1 - - [07/Nov/2018:07:06:49 +0000] "GET /__webpack_hmr HTTP/1.1" 200 - "http://localhost:3000/" "Mozilla/5.0 (Windows NT 10.0; Win64; x64) AppleWebKit/537.36 (KHTML, like Gecko) Chrome/70.0.3538.77 Safari/537.36"
::1 - - [07/Nov/2018:07:06:49 +0000] "GET /index.8e4d144e.css?8e4d144e823c44dc8606 HTTP/1.1" 304 - "http://localhost:3000/" "Mozilla/5.0 (Windows NT 10.0; Win64; x64) AppleWebKit/537.36 (KHTML, like Gecko) Chrome/70.0.3538.77 Safari/537.36"
::1 - - [07/Nov/2018:07:06:49 +0000] "GET /index.8e4d144e823c44dc8606.js?8e4d144e823c44dc8606 HTTP/1.1" 304 - "http://localhost:3000/" "Mozilla/5.0 (Windows NT 10.0; Win64; x64) AppleWebKit/537.36 (KHTML, like Gecko) Chrome/70.0.3538.77 Safari/537.36"
::1 - - [07/Nov/2018:07:08:00 +0000] "GET /__webpack_hmr HTTP/1.1" 200 - "http://localhost:3000/" "Mozilla/5.0 (Windows NT 10.0; Win64; x64) AppleWebKit/537.36 (KHTML, like Gecko) Chrome/70.0.3538.77 Safari/537.36"
::1 - - [07/Nov/2018:08:23:17 +0000] "GET /8e4d144e823c44dc8606.hot-update.json HTTP/1.1" 404 175 "http://localhost:3000/" "Mozilla/5.0 (Windows NT 10.0; Win64; x64) AppleWebKit/537.36 (KHTML, like Gecko) Chrome/70.0.3538.77 Safari/537.36"
::1 - - [07/Nov/2018:08:23:17 +0000] "GET / HTTP/1.1" 200 30312 "http://localhost:3000/" "Mozilla/5.0 (Windows NT 10.0; Win64; x64) AppleWebKit/537.36 (KHTML, like Gecko) Chrome/70.0.3538.77 Safari/537.36"
::1 - - [07/Nov/2018:08:23:17 +0000] "GET /__webpack_hmr HTTP/1.1" 200 - "http://localhost:3000/" "Mozilla/5.0 (Windows NT 10.0; Win64; x64) AppleWebKit/537.36 (KHTML, like Gecko) Chrome/70.0.3538.77 Safari/537.36"
::1 - - [07/Nov/2018:08:23:17 +0000] "GET /index.8354bcef.css?8354bcef4017cec49b52 HTTP/1.1" 200 71536 "http://localhost:3000/" "Mozilla/5.0 (Windows NT 10.0; Win64; x64) AppleWebKit/537.36 (KHTML, like Gecko) Chrome/70.0.3538.77 Safari/537.36"
::1 - - [07/Nov/2018:08:23:17 +0000] "GET /index.8354bcef4017cec49b52.js?8354bcef4017cec49b52 HTTP/1.1" 200 434293 "http://localhost:3000/" "Mozilla/5.0 (Windows NT 10.0; Win64; x64) AppleWebKit/537.36 (KHTML, like Gecko) Chrome/70.0.3538.77 Safari/537.36"
