::1 - - [26/Oct/2018:01:08:36 +0000] "GET / HTTP/1.1" 200 29896 "-" "Mozilla/5.0 (Windows NT 10.0; Win64; x64) AppleWebKit/537.36 (KHTML, like Gecko) Chrome/70.0.3538.77 Safari/537.36"
::1 - - [26/Oct/2018:01:08:36 +0000] "GET /index.0bb84cd6.css?0bb84cd61dd6d8e386cf HTTP/1.1" 200 71404 "http://localhost:3000/" "Mozilla/5.0 (Windows NT 10.0; Win64; x64) AppleWebKit/537.36 (KHTML, like Gecko) Chrome/70.0.3538.77 Safari/537.36"
::1 - - [26/Oct/2018:01:08:36 +0000] "GET /index.0bb84cd61dd6d8e386cf.js?0bb84cd61dd6d8e386cf HTTP/1.1" 200 1563584 "http://localhost:3000/" "Mozilla/5.0 (Windows NT 10.0; Win64; x64) AppleWebKit/537.36 (KHTML, like Gecko) Chrome/70.0.3538.77 Safari/537.36"
::1 - - [26/Oct/2018:01:08:37 +0000] "GET /favicon.ico HTTP/1.1" 404 150 "http://localhost:3000/" "Mozilla/5.0 (Windows NT 10.0; Win64; x64) AppleWebKit/537.36 (KHTML, like Gecko) Chrome/70.0.3538.77 Safari/537.36"
::1 - - [26/Oct/2018:01:08:39 +0000] "GET / HTTP/1.1" 304 - "-" "Mozilla/5.0 (Windows NT 10.0; Win64; x64) AppleWebKit/537.36 (KHTML, like Gecko) Chrome/70.0.3538.77 Safari/537.36"
::1 - - [26/Oct/2018:01:08:39 +0000] "GET /__webpack_hmr HTTP/1.1" 200 - "http://localhost:3000/" "Mozilla/5.0 (Windows NT 10.0; Win64; x64) AppleWebKit/537.36 (KHTML, like Gecko) Chrome/70.0.3538.77 Safari/537.36"
::1 - - [26/Oct/2018:01:08:39 +0000] "GET /index.0bb84cd6.css?0bb84cd61dd6d8e386cf HTTP/1.1" 304 - "http://localhost:3000/" "Mozilla/5.0 (Windows NT 10.0; Win64; x64) AppleWebKit/537.36 (KHTML, like Gecko) Chrome/70.0.3538.77 Safari/537.36"
::1 - - [26/Oct/2018:01:08:39 +0000] "GET /index.0bb84cd61dd6d8e386cf.js?0bb84cd61dd6d8e386cf HTTP/1.1" 304 - "http://localhost:3000/" "Mozilla/5.0 (Windows NT 10.0; Win64; x64) AppleWebKit/537.36 (KHTML, like Gecko) Chrome/70.0.3538.77 Safari/537.36"
::1 - - [26/Oct/2018:01:08:43 +0000] "GET /news-list.html HTTP/1.1" 500 2593 "http://localhost:3000/" "Mozilla/5.0 (Windows NT 10.0; Win64; x64) AppleWebKit/537.36 (KHTML, like Gecko) Chrome/70.0.3538.77 Safari/537.36"
::1 - - [26/Oct/2018:01:08:43 +0000] "GET /__webpack_hmr HTTP/1.1" 200 - "http://localhost:3000/" "Mozilla/5.0 (Windows NT 10.0; Win64; x64) AppleWebKit/537.36 (KHTML, like Gecko) Chrome/70.0.3538.77 Safari/537.36"
::1 - - [26/Oct/2018:01:08:54 +0000] "GET /__webpack_hmr HTTP/1.1" 200 - "http://localhost:3000/" "Mozilla/5.0 (Windows NT 10.0; Win64; x64) AppleWebKit/537.36 (KHTML, like Gecko) Chrome/70.0.3538.77 Safari/537.36"
::1 - - [26/Oct/2018:01:09:04 +0000] "GET /news HTTP/1.1" 404 143 "-" "Mozilla/5.0 (Windows NT 10.0; Win64; x64) AppleWebKit/537.36 (KHTML, like Gecko) Chrome/70.0.3538.77 Safari/537.36"
::1 - - [26/Oct/2018:01:09:04 +0000] "GET /__webpack_hmr HTTP/1.1" 200 - "http://localhost:3000/" "Mozilla/5.0 (Windows NT 10.0; Win64; x64) AppleWebKit/537.36 (KHTML, like Gecko) Chrome/70.0.3538.77 Safari/537.36"
::1 - - [26/Oct/2018:01:09:14 +0000] "GET /news.html HTTP/1.1" 404 148 "-" "Mozilla/5.0 (Windows NT 10.0; Win64; x64) AppleWebKit/537.36 (KHTML, like Gecko) Chrome/70.0.3538.77 Safari/537.36"
::1 - - [26/Oct/2018:01:09:23 +0000] "GET /news.html?id=1 HTTP/1.1" 404 148 "-" "Mozilla/5.0 (Windows NT 10.0; Win64; x64) AppleWebKit/537.36 (KHTML, like Gecko) Chrome/70.0.3538.77 Safari/537.36"
::1 - - [26/Oct/2018:01:10:13 +0000] "GET /0bb84cd61dd6d8e386cf.hot-update.json HTTP/1.1" 404 175 "http://localhost:3000/" "Mozilla/5.0 (Windows NT 10.0; Win64; x64) AppleWebKit/537.36 (KHTML, like Gecko) Chrome/70.0.3538.77 Safari/537.36"
::1 - - [26/Oct/2018:01:10:14 +0000] "GET / HTTP/1.1" 200 29896 "http://localhost:3000/" "Mozilla/5.0 (Windows NT 10.0; Win64; x64) AppleWebKit/537.36 (KHTML, like Gecko) Chrome/70.0.3538.77 Safari/537.36"
::1 - - [26/Oct/2018:01:10:14 +0000] "GET /__webpack_hmr HTTP/1.1" 200 - "http://localhost:3000/" "Mozilla/5.0 (Windows NT 10.0; Win64; x64) AppleWebKit/537.36 (KHTML, like Gecko) Chrome/70.0.3538.77 Safari/537.36"
::1 - - [26/Oct/2018:01:10:14 +0000] "GET /index.90bbf41a.css?90bbf41ac43e33726d37 HTTP/1.1" 200 71404 "http://localhost:3000/" "Mozilla/5.0 (Windows NT 10.0; Win64; x64) AppleWebKit/537.36 (KHTML, like Gecko) Chrome/70.0.3538.77 Safari/537.36"
::1 - - [26/Oct/2018:01:10:14 +0000] "GET /index.90bbf41ac43e33726d37.js?90bbf41ac43e33726d37 HTTP/1.1" 200 1563584 "http://localhost:3000/" "Mozilla/5.0 (Windows NT 10.0; Win64; x64) AppleWebKit/537.36 (KHTML, like Gecko) Chrome/70.0.3538.77 Safari/537.36"
::1 - - [26/Oct/2018:01:10:17 +0000] "GET / HTTP/1.1" 304 - "http://localhost:3000/" "Mozilla/5.0 (Windows NT 10.0; Win64; x64) AppleWebKit/537.36 (KHTML, like Gecko) Chrome/70.0.3538.77 Safari/537.36"
::1 - - [26/Oct/2018:01:10:17 +0000] "GET /__webpack_hmr HTTP/1.1" 200 - "http://localhost:3000/" "Mozilla/5.0 (Windows NT 10.0; Win64; x64) AppleWebKit/537.36 (KHTML, like Gecko) Chrome/70.0.3538.77 Safari/537.36"
::1 - - [26/Oct/2018:01:10:17 +0000] "GET /index.90bbf41ac43e33726d37.js?90bbf41ac43e33726d37 HTTP/1.1" 304 - "http://localhost:3000/" "Mozilla/5.0 (Windows NT 10.0; Win64; x64) AppleWebKit/537.36 (KHTML, like Gecko) Chrome/70.0.3538.77 Safari/537.36"
::1 - - [26/Oct/2018:01:10:17 +0000] "GET /index.90bbf41a.css?90bbf41ac43e33726d37 HTTP/1.1" 304 - "http://localhost:3000/" "Mozilla/5.0 (Windows NT 10.0; Win64; x64) AppleWebKit/537.36 (KHTML, like Gecko) Chrome/70.0.3538.77 Safari/537.36"
::1 - - [26/Oct/2018:01:10:20 +0000] "GET /news-list.html HTTP/1.1" 200 7616 "http://localhost:3000/" "Mozilla/5.0 (Windows NT 10.0; Win64; x64) AppleWebKit/537.36 (KHTML, like Gecko) Chrome/70.0.3538.77 Safari/537.36"
::1 - - [26/Oct/2018:01:10:20 +0000] "GET /__webpack_hmr HTTP/1.1" 200 - "http://localhost:3000/" "Mozilla/5.0 (Windows NT 10.0; Win64; x64) AppleWebKit/537.36 (KHTML, like Gecko) Chrome/70.0.3538.77 Safari/537.36"
::1 - - [26/Oct/2018:01:10:20 +0000] "GET /news-list.90bbf41a.css?90bbf41ac43e33726d37 HTTP/1.1" 200 57343 "http://localhost:3000/news-list.html" "Mozilla/5.0 (Windows NT 10.0; Win64; x64) AppleWebKit/537.36 (KHTML, like Gecko) Chrome/70.0.3538.77 Safari/537.36"
::1 - - [26/Oct/2018:01:10:20 +0000] "GET /news-list.90bbf41ac43e33726d37.js?90bbf41ac43e33726d37 HTTP/1.1" 200 1527806 "http://localhost:3000/news-list.html" "Mozilla/5.0 (Windows NT 10.0; Win64; x64) AppleWebKit/537.36 (KHTML, like Gecko) Chrome/70.0.3538.77 Safari/537.36"
::1 - - [26/Oct/2018:01:11:44 +0000] "GET /90bbf41ac43e33726d37.hot-update.json HTTP/1.1" 404 175 "http://localhost:3000/news-list.html" "Mozilla/5.0 (Windows NT 10.0; Win64; x64) AppleWebKit/537.36 (KHTML, like Gecko) Chrome/70.0.3538.77 Safari/537.36"
::1 - - [26/Oct/2018:01:11:45 +0000] "GET /news-list.html HTTP/1.1" 500 2593 "http://localhost:3000/news-list.html" "Mozilla/5.0 (Windows NT 10.0; Win64; x64) AppleWebKit/537.36 (KHTML, like Gecko) Chrome/70.0.3538.77 Safari/537.36"
::1 - - [26/Oct/2018:01:11:45 +0000] "GET /__webpack_hmr HTTP/1.1" 200 - "http://localhost:3000/news-list.html" "Mozilla/5.0 (Windows NT 10.0; Win64; x64) AppleWebKit/537.36 (KHTML, like Gecko) Chrome/70.0.3538.77 Safari/537.36"
::1 - - [26/Oct/2018:01:12:25 +0000] "GET /news.html HTTP/1.1" 500 2676 "-" "Mozilla/5.0 (Windows NT 10.0; Win64; x64) AppleWebKit/537.36 (KHTML, like Gecko) Chrome/70.0.3538.77 Safari/537.36"
::1 - - [26/Oct/2018:01:12:57 +0000] "GET /news.html?id=45 HTTP/1.1" 404 148 "-" "Mozilla/5.0 (Windows NT 10.0; Win64; x64) AppleWebKit/537.36 (KHTML, like Gecko) Chrome/70.0.3538.77 Safari/537.36"
::1 - - [26/Oct/2018:01:13:00 +0000] "GET /news.html?id=45 HTTP/1.1" 404 148 "-" "Mozilla/5.0 (Windows NT 10.0; Win64; x64) AppleWebKit/537.36 (KHTML, like Gecko) Chrome/70.0.3538.77 Safari/537.36"
::1 - - [26/Oct/2018:01:13:01 +0000] "GET /news.html?id=45 HTTP/1.1" 404 148 "-" "Mozilla/5.0 (Windows NT 10.0; Win64; x64) AppleWebKit/537.36 (KHTML, like Gecko) Chrome/70.0.3538.77 Safari/537.36"
::1 - - [26/Oct/2018:01:13:05 +0000] "GET /news.html/5 HTTP/1.1" 404 150 "-" "Mozilla/5.0 (Windows NT 10.0; Win64; x64) AppleWebKit/537.36 (KHTML, like Gecko) Chrome/70.0.3538.77 Safari/537.36"
::1 - - [26/Oct/2018:01:13:22 +0000] "GET /news.html/45 HTTP/1.1" 404 151 "-" "Mozilla/5.0 (Windows NT 10.0; Win64; x64) AppleWebKit/537.36 (KHTML, like Gecko) Chrome/70.0.3538.77 Safari/537.36"
::1 - - [26/Oct/2018:01:16:27 +0000] "GET /news.html/45 HTTP/1.1" 500 2676 "-" "Mozilla/5.0 (Windows NT 10.0; Win64; x64) AppleWebKit/537.36 (KHTML, like Gecko) Chrome/70.0.3538.77 Safari/537.36"
::1 - - [26/Oct/2018:01:16:49 +0000] "GET /news.html?id=45 HTTP/1.1" 500 2676 "-" "Mozilla/5.0 (Windows NT 10.0; Win64; x64) AppleWebKit/537.36 (KHTML, like Gecko) Chrome/70.0.3538.77 Safari/537.36"
::1 - - [26/Oct/2018:01:16:52 +0000] "GET /news.html?id=45 HTTP/1.1" 500 2676 "-" "Mozilla/5.0 (Windows NT 10.0; Win64; x64) AppleWebKit/537.36 (KHTML, like Gecko) Chrome/70.0.3538.77 Safari/537.36"
::1 - - [26/Oct/2018:01:16:53 +0000] "GET /news.html?id=45 HTTP/1.1" 500 2676 "-" "Mozilla/5.0 (Windows NT 10.0; Win64; x64) AppleWebKit/537.36 (KHTML, like Gecko) Chrome/70.0.3538.77 Safari/537.36"
::1 - - [26/Oct/2018:01:16:53 +0000] "GET /news.html?id=45 HTTP/1.1" 500 2676 "-" "Mozilla/5.0 (Windows NT 10.0; Win64; x64) AppleWebKit/537.36 (KHTML, like Gecko) Chrome/70.0.3538.77 Safari/537.36"
::1 - - [26/Oct/2018:01:16:54 +0000] "GET /news.html?id=45 HTTP/1.1" 500 2676 "-" "Mozilla/5.0 (Windows NT 10.0; Win64; x64) AppleWebKit/537.36 (KHTML, like Gecko) Chrome/70.0.3538.77 Safari/537.36"
::1 - - [26/Oct/2018:01:16:54 +0000] "GET /news.html?id=45 HTTP/1.1" 500 2676 "-" "Mozilla/5.0 (Windows NT 10.0; Win64; x64) AppleWebKit/537.36 (KHTML, like Gecko) Chrome/70.0.3538.77 Safari/537.36"
::1 - - [26/Oct/2018:01:16:54 +0000] "GET /news.html?id=45 HTTP/1.1" 500 2676 "-" "Mozilla/5.0 (Windows NT 10.0; Win64; x64) AppleWebKit/537.36 (KHTML, like Gecko) Chrome/70.0.3538.77 Safari/537.36"
::1 - - [26/Oct/2018:01:16:55 +0000] "GET /news.html?id=45 HTTP/1.1" 500 2676 "-" "Mozilla/5.0 (Windows NT 10.0; Win64; x64) AppleWebKit/537.36 (KHTML, like Gecko) Chrome/70.0.3538.77 Safari/537.36"
::1 - - [26/Oct/2018:01:16:55 +0000] "GET /news.html?id=45 HTTP/1.1" 500 2676 "-" "Mozilla/5.0 (Windows NT 10.0; Win64; x64) AppleWebKit/537.36 (KHTML, like Gecko) Chrome/70.0.3538.77 Safari/537.36"
::1 - - [26/Oct/2018:01:16:55 +0000] "GET /news.html?id=45 HTTP/1.1" 500 2676 "-" "Mozilla/5.0 (Windows NT 10.0; Win64; x64) AppleWebKit/537.36 (KHTML, like Gecko) Chrome/70.0.3538.77 Safari/537.36"
::1 - - [26/Oct/2018:01:16:56 +0000] "GET /news.html?id=45 HTTP/1.1" 500 2676 "-" "Mozilla/5.0 (Windows NT 10.0; Win64; x64) AppleWebKit/537.36 (KHTML, like Gecko) Chrome/70.0.3538.77 Safari/537.36"
::1 - - [26/Oct/2018:01:16:56 +0000] "GET /news.html?id=45 HTTP/1.1" 500 2676 "-" "Mozilla/5.0 (Windows NT 10.0; Win64; x64) AppleWebKit/537.36 (KHTML, like Gecko) Chrome/70.0.3538.77 Safari/537.36"
::1 - - [26/Oct/2018:01:16:56 +0000] "GET /news.html?id=45 HTTP/1.1" 500 2676 "-" "Mozilla/5.0 (Windows NT 10.0; Win64; x64) AppleWebKit/537.36 (KHTML, like Gecko) Chrome/70.0.3538.77 Safari/537.36"
::1 - - [26/Oct/2018:01:16:56 +0000] "GET /news.html?id=45 HTTP/1.1" 500 2676 "-" "Mozilla/5.0 (Windows NT 10.0; Win64; x64) AppleWebKit/537.36 (KHTML, like Gecko) Chrome/70.0.3538.77 Safari/537.36"
::1 - - [26/Oct/2018:01:16:57 +0000] "GET /news.html?id=45 HTTP/1.1" 500 2676 "-" "Mozilla/5.0 (Windows NT 10.0; Win64; x64) AppleWebKit/537.36 (KHTML, like Gecko) Chrome/70.0.3538.77 Safari/537.36"
::1 - - [26/Oct/2018:01:16:58 +0000] "GET /news.html?id=45 HTTP/1.1" 500 2676 "-" "Mozilla/5.0 (Windows NT 10.0; Win64; x64) AppleWebKit/537.36 (KHTML, like Gecko) Chrome/70.0.3538.77 Safari/537.36"
::1 - - [26/Oct/2018:01:17:00 +0000] "GET /news.html?id=45 HTTP/1.1" 500 2676 "-" "Mozilla/5.0 (Windows NT 10.0; Win64; x64) AppleWebKit/537.36 (KHTML, like Gecko) Chrome/70.0.3538.77 Safari/537.36"
::1 - - [26/Oct/2018:01:17:00 +0000] "GET /news.html?id=45 HTTP/1.1" 500 2676 "-" "Mozilla/5.0 (Windows NT 10.0; Win64; x64) AppleWebKit/537.36 (KHTML, like Gecko) Chrome/70.0.3538.77 Safari/537.36"
::1 - - [26/Oct/2018:01:17:01 +0000] "GET /news.html?id=45 HTTP/1.1" 500 2676 "-" "Mozilla/5.0 (Windows NT 10.0; Win64; x64) AppleWebKit/537.36 (KHTML, like Gecko) Chrome/70.0.3538.77 Safari/537.36"
::1 - - [26/Oct/2018:01:17:01 +0000] "GET /news.html?id=45 HTTP/1.1" 500 2676 "-" "Mozilla/5.0 (Windows NT 10.0; Win64; x64) AppleWebKit/537.36 (KHTML, like Gecko) Chrome/70.0.3538.77 Safari/537.36"
::1 - - [26/Oct/2018:01:17:02 +0000] "GET /news.html?id=45 HTTP/1.1" 500 2676 "-" "Mozilla/5.0 (Windows NT 10.0; Win64; x64) AppleWebKit/537.36 (KHTML, like Gecko) Chrome/70.0.3538.77 Safari/537.36"
::1 - - [26/Oct/2018:01:17:03 +0000] "GET /news.html?id=45 HTTP/1.1" 500 2676 "-" "Mozilla/5.0 (Windows NT 10.0; Win64; x64) AppleWebKit/537.36 (KHTML, like Gecko) Chrome/70.0.3538.77 Safari/537.36"
::1 - - [26/Oct/2018:01:17:05 +0000] "GET /news.html?id=45 HTTP/1.1" 500 2676 "-" "Mozilla/5.0 (Windows NT 10.0; Win64; x64) AppleWebKit/537.36 (KHTML, like Gecko) Chrome/70.0.3538.77 Safari/537.36"
::1 - - [26/Oct/2018:01:18:04 +0000] "GET /news.do?id=45 HTTP/1.1" 500 2676 "-" "Mozilla/5.0 (Windows NT 10.0; Win64; x64) AppleWebKit/537.36 (KHTML, like Gecko) Chrome/70.0.3538.77 Safari/537.36"
::1 - - [26/Oct/2018:01:18:07 +0000] "GET /news.do?id=45 HTTP/1.1" 500 2676 "-" "Mozilla/5.0 (Windows NT 10.0; Win64; x64) AppleWebKit/537.36 (KHTML, like Gecko) Chrome/70.0.3538.77 Safari/537.36"
::1 - - [26/Oct/2018:01:18:57 +0000] "GET / HTTP/1.1" 200 29896 "-" "Mozilla/5.0 (Windows NT 10.0; Win64; x64) AppleWebKit/537.36 (KHTML, like Gecko) Chrome/70.0.3538.77 Safari/537.36"
::1 - - [26/Oct/2018:01:18:57 +0000] "GET /index.0bb84cd6.css?0bb84cd61dd6d8e386cf HTTP/1.1" 304 - "http://localhost:3000/" "Mozilla/5.0 (Windows NT 10.0; Win64; x64) AppleWebKit/537.36 (KHTML, like Gecko) Chrome/70.0.3538.77 Safari/537.36"
::1 - - [26/Oct/2018:01:18:57 +0000] "GET /index.0bb84cd61dd6d8e386cf.js?0bb84cd61dd6d8e386cf HTTP/1.1" 304 - "http://localhost:3000/" "Mozilla/5.0 (Windows NT 10.0; Win64; x64) AppleWebKit/537.36 (KHTML, like Gecko) Chrome/70.0.3538.77 Safari/537.36"
::1 - - [26/Oct/2018:01:19:13 +0000] "GET / HTTP/1.1" 200 29896 "-" "Mozilla/5.0 (Windows NT 10.0; Win64; x64) AppleWebKit/537.36 (KHTML, like Gecko) Chrome/70.0.3538.77 Safari/537.36"
::1 - - [26/Oct/2018:01:19:13 +0000] "GET /__webpack_hmr HTTP/1.1" 200 - "http://localhost:3000/" "Mozilla/5.0 (Windows NT 10.0; Win64; x64) AppleWebKit/537.36 (KHTML, like Gecko) Chrome/70.0.3538.77 Safari/537.36"
::1 - - [26/Oct/2018:01:19:13 +0000] "GET /index.0bb84cd6.css?0bb84cd61dd6d8e386cf HTTP/1.1" 200 71404 "http://localhost:3000/" "Mozilla/5.0 (Windows NT 10.0; Win64; x64) AppleWebKit/537.36 (KHTML, like Gecko) Chrome/70.0.3538.77 Safari/537.36"
::1 - - [26/Oct/2018:01:19:13 +0000] "GET /index.0bb84cd61dd6d8e386cf.js?0bb84cd61dd6d8e386cf HTTP/1.1" 200 1563584 "http://localhost:3000/" "Mozilla/5.0 (Windows NT 10.0; Win64; x64) AppleWebKit/537.36 (KHTML, like Gecko) Chrome/70.0.3538.77 Safari/537.36"
::1 - - [26/Oct/2018:01:19:15 +0000] "GET /__webpack_hmr HTTP/1.1" 200 - "http://localhost:3000/" "Mozilla/5.0 (Windows NT 10.0; Win64; x64) AppleWebKit/537.36 (KHTML, like Gecko) Chrome/70.0.3538.77 Safari/537.36"
::1 - - [26/Oct/2018:01:19:16 +0000] "GET / HTTP/1.1" 304 - "-" "Mozilla/5.0 (Windows NT 10.0; Win64; x64) AppleWebKit/537.36 (KHTML, like Gecko) Chrome/70.0.3538.77 Safari/537.36"
::1 - - [26/Oct/2018:01:19:16 +0000] "GET /index.0bb84cd6.css?0bb84cd61dd6d8e386cf HTTP/1.1" 304 - "http://localhost:3000/" "Mozilla/5.0 (Windows NT 10.0; Win64; x64) AppleWebKit/537.36 (KHTML, like Gecko) Chrome/70.0.3538.77 Safari/537.36"
::1 - - [26/Oct/2018:01:19:16 +0000] "GET /index.0bb84cd61dd6d8e386cf.js?0bb84cd61dd6d8e386cf HTTP/1.1" 304 - "http://localhost:3000/" "Mozilla/5.0 (Windows NT 10.0; Win64; x64) AppleWebKit/537.36 (KHTML, like Gecko) Chrome/70.0.3538.77 Safari/537.36"
::1 - - [26/Oct/2018:01:19:23 +0000] "GET / HTTP/1.1" 200 29896 "-" "Mozilla/5.0 (Windows NT 10.0; Win64; x64) AppleWebKit/537.36 (KHTML, like Gecko) Chrome/70.0.3538.77 Safari/537.36"
::1 - - [26/Oct/2018:01:19:23 +0000] "GET /__webpack_hmr HTTP/1.1" 200 - "http://localhost:3000/" "Mozilla/5.0 (Windows NT 10.0; Win64; x64) AppleWebKit/537.36 (KHTML, like Gecko) Chrome/70.0.3538.77 Safari/537.36"
::1 - - [26/Oct/2018:01:19:23 +0000] "GET /index.0bb84cd6.css?0bb84cd61dd6d8e386cf HTTP/1.1" 200 71404 "http://localhost:3000/" "Mozilla/5.0 (Windows NT 10.0; Win64; x64) AppleWebKit/537.36 (KHTML, like Gecko) Chrome/70.0.3538.77 Safari/537.36"
::1 - - [26/Oct/2018:01:19:23 +0000] "GET /index.0bb84cd61dd6d8e386cf.js?0bb84cd61dd6d8e386cf HTTP/1.1" 200 1563584 "http://localhost:3000/" "Mozilla/5.0 (Windows NT 10.0; Win64; x64) AppleWebKit/537.36 (KHTML, like Gecko) Chrome/70.0.3538.77 Safari/537.36"
::1 - - [26/Oct/2018:01:19:25 +0000] "GET /favicon.ico HTTP/1.1" 404 150 "http://localhost:3000/" "Mozilla/5.0 (Windows NT 10.0; Win64; x64) AppleWebKit/537.36 (KHTML, like Gecko) Chrome/70.0.3538.77 Safari/537.36"
::1 - - [26/Oct/2018:01:22:09 +0000] "GET / HTTP/1.1" 200 29896 "-" "Mozilla/5.0 (Windows NT 10.0; Win64; x64) AppleWebKit/537.36 (KHTML, like Gecko) Chrome/64.0.3282.140 Safari/537.36 Edge/17.17134"
::1 - - [26/Oct/2018:01:22:09 +0000] "GET /index.0bb84cd6.css?0bb84cd61dd6d8e386cf HTTP/1.1" 200 71404 "http://localhost:3000/" "Mozilla/5.0 (Windows NT 10.0; Win64; x64) AppleWebKit/537.36 (KHTML, like Gecko) Chrome/64.0.3282.140 Safari/537.36 Edge/17.17134"
::1 - - [26/Oct/2018:01:22:09 +0000] "GET /index.0bb84cd61dd6d8e386cf.js?0bb84cd61dd6d8e386cf HTTP/1.1" 200 1563584 "http://localhost:3000/" "Mozilla/5.0 (Windows NT 10.0; Win64; x64) AppleWebKit/537.36 (KHTML, like Gecko) Chrome/64.0.3282.140 Safari/537.36 Edge/17.17134"
::1 - - [26/Oct/2018:01:22:21 +0000] "GET /index.0bb84cd6.css?0bb84cd61dd6d8e386cf HTTP/1.1" 304 - "http://localhost:3000/" "Mozilla/5.0 (Windows NT 10.0; Win64; x64) AppleWebKit/537.36 (KHTML, like Gecko) Chrome/70.0.3538.77 Safari/537.36"
::1 - - [26/Oct/2018:01:22:29 +0000] "GET / HTTP/1.1" 304 - "-" "Mozilla/5.0 (Windows NT 10.0; Win64; x64) AppleWebKit/537.36 (KHTML, like Gecko) Chrome/70.0.3538.77 Safari/537.36"
::1 - - [26/Oct/2018:01:22:29 +0000] "GET /__webpack_hmr HTTP/1.1" 200 - "http://localhost:3000/" "Mozilla/5.0 (Windows NT 10.0; Win64; x64) AppleWebKit/537.36 (KHTML, like Gecko) Chrome/70.0.3538.77 Safari/537.36"
::1 - - [26/Oct/2018:01:22:29 +0000] "GET /index.0bb84cd6.css?0bb84cd61dd6d8e386cf HTTP/1.1" 304 - "http://localhost:3000/" "Mozilla/5.0 (Windows NT 10.0; Win64; x64) AppleWebKit/537.36 (KHTML, like Gecko) Chrome/70.0.3538.77 Safari/537.36"
::1 - - [26/Oct/2018:01:22:29 +0000] "GET /index.0bb84cd61dd6d8e386cf.js?0bb84cd61dd6d8e386cf HTTP/1.1" 304 - "http://localhost:3000/" "Mozilla/5.0 (Windows NT 10.0; Win64; x64) AppleWebKit/537.36 (KHTML, like Gecko) Chrome/70.0.3538.77 Safari/537.36"
::1 - - [26/Oct/2018:01:22:41 +0000] "GET / HTTP/1.1" 304 - "-" "Mozilla/5.0 (Windows NT 10.0; Win64; x64) AppleWebKit/537.36 (KHTML, like Gecko) Chrome/70.0.3538.77 Safari/537.36"
::1 - - [26/Oct/2018:01:22:41 +0000] "GET /__webpack_hmr HTTP/1.1" 200 - "http://localhost:3000/" "Mozilla/5.0 (Windows NT 10.0; Win64; x64) AppleWebKit/537.36 (KHTML, like Gecko) Chrome/70.0.3538.77 Safari/537.36"
::1 - - [26/Oct/2018:01:22:41 +0000] "GET /index.0bb84cd6.css?0bb84cd61dd6d8e386cf HTTP/1.1" 304 - "http://localhost:3000/" "Mozilla/5.0 (Windows NT 10.0; Win64; x64) AppleWebKit/537.36 (KHTML, like Gecko) Chrome/70.0.3538.77 Safari/537.36"
::1 - - [26/Oct/2018:01:22:41 +0000] "GET /index.0bb84cd61dd6d8e386cf.js?0bb84cd61dd6d8e386cf HTTP/1.1" 304 - "http://localhost:3000/" "Mozilla/5.0 (Windows NT 10.0; Win64; x64) AppleWebKit/537.36 (KHTML, like Gecko) Chrome/70.0.3538.77 Safari/537.36"
::1 - - [26/Oct/2018:01:39:57 +0000] "GET / HTTP/1.1" 500 2157 "-" "Mozilla/5.0 (iPhone; CPU iPhone OS 11_0 like Mac OS X) AppleWebKit/604.1.38 (KHTML, like Gecko) Version/11.0 Mobile/15A372 Safari/604.1"
::1 - - [26/Oct/2018:01:46:29 +0000] "GET / HTTP/1.1" 500 2689 "-" "Mozilla/5.0 (iPhone; CPU iPhone OS 11_0 like Mac OS X) AppleWebKit/604.1.38 (KHTML, like Gecko) Version/11.0 Mobile/15A372 Safari/604.1"
::1 - - [26/Oct/2018:01:49:32 +0000] "GET / HTTP/1.1" 500 2689 "-" "Mozilla/5.0 (iPhone; CPU iPhone OS 11_0 like Mac OS X) AppleWebKit/604.1.38 (KHTML, like Gecko) Version/11.0 Mobile/15A372 Safari/604.1"
::1 - - [26/Oct/2018:03:48:54 +0000] "GET / HTTP/1.1" 500 2689 "-" "Mozilla/5.0 (iPhone; CPU iPhone OS 11_0 like Mac OS X) AppleWebKit/604.1.38 (KHTML, like Gecko) Version/11.0 Mobile/15A372 Safari/604.1"
::1 - - [26/Oct/2018:06:23:26 +0000] "GET / HTTP/1.1" 500 2689 "-" "Mozilla/5.0 (iPhone; CPU iPhone OS 11_0 like Mac OS X) AppleWebKit/604.1.38 (KHTML, like Gecko) Version/11.0 Mobile/15A372 Safari/604.1"
::1 - - [26/Oct/2018:06:24:53 +0000] "GET / HTTP/1.1" 500 2689 "-" "Mozilla/5.0 (iPhone; CPU iPhone OS 11_0 like Mac OS X) AppleWebKit/604.1.38 (KHTML, like Gecko) Version/11.0 Mobile/15A372 Safari/604.1"
::1 - - [26/Oct/2018:06:26:50 +0000] "GET / HTTP/1.1" - - "-" "Mozilla/5.0 (iPhone; CPU iPhone OS 11_0 like Mac OS X) AppleWebKit/604.1.38 (KHTML, like Gecko) Version/11.0 Mobile/15A372 Safari/604.1"
::1 - - [26/Oct/2018:06:27:10 +0000] "GET / HTTP/1.1" - - "-" "Mozilla/5.0 (iPhone; CPU iPhone OS 11_0 like Mac OS X) AppleWebKit/604.1.38 (KHTML, like Gecko) Version/11.0 Mobile/15A372 Safari/604.1"
::1 - - [26/Oct/2018:06:28:12 +0000] "GET / HTTP/1.1" 200 41671 "-" "Mozilla/5.0 (iPhone; CPU iPhone OS 11_0 like Mac OS X) AppleWebKit/604.1.38 (KHTML, like Gecko) Version/11.0 Mobile/15A372 Safari/604.1"
::1 - - [26/Oct/2018:06:28:12 +0000] "GET /index.df695df7.css?df695df7f385b679d862 HTTP/1.1" 200 29100 "http://localhost:3000/" "Mozilla/5.0 (iPhone; CPU iPhone OS 11_0 like Mac OS X) AppleWebKit/604.1.38 (KHTML, like Gecko) Version/11.0 Mobile/15A372 Safari/604.1"
::1 - - [26/Oct/2018:06:28:12 +0000] "GET /index.df695df7f385b679d862.js?df695df7f385b679d862 HTTP/1.1" 200 1534004 "http://localhost:3000/" "Mozilla/5.0 (iPhone; CPU iPhone OS 11_0 like Mac OS X) AppleWebKit/604.1.38 (KHTML, like Gecko) Version/11.0 Mobile/15A372 Safari/604.1"
::1 - - [26/Oct/2018:06:28:56 +0000] "GET / HTTP/1.1" 304 - "-" "Mozilla/5.0 (iPhone; CPU iPhone OS 11_0 like Mac OS X) AppleWebKit/604.1.38 (KHTML, like Gecko) Version/11.0 Mobile/15A372 Safari/604.1"
::1 - - [26/Oct/2018:06:28:56 +0000] "GET /__webpack_hmr HTTP/1.1" 200 - "http://localhost:3000/" "Mozilla/5.0 (iPhone; CPU iPhone OS 11_0 like Mac OS X) AppleWebKit/604.1.38 (KHTML, like Gecko) Version/11.0 Mobile/15A372 Safari/604.1"
::1 - - [26/Oct/2018:06:28:56 +0000] "GET /index.df695df7.css?df695df7f385b679d862 HTTP/1.1" 304 - "http://localhost:3000/" "Mozilla/5.0 (iPhone; CPU iPhone OS 11_0 like Mac OS X) AppleWebKit/604.1.38 (KHTML, like Gecko) Version/11.0 Mobile/15A372 Safari/604.1"
::1 - - [26/Oct/2018:06:28:56 +0000] "GET /index.df695df7f385b679d862.js?df695df7f385b679d862 HTTP/1.1" 304 - "http://localhost:3000/" "Mozilla/5.0 (iPhone; CPU iPhone OS 11_0 like Mac OS X) AppleWebKit/604.1.38 (KHTML, like Gecko) Version/11.0 Mobile/15A372 Safari/604.1"
::1 - - [26/Oct/2018:06:30:29 +0000] "GET /df695df7f385b679d862.hot-update.json HTTP/1.1" 200 35 "http://localhost:3000/" "Mozilla/5.0 (iPhone; CPU iPhone OS 11_0 like Mac OS X) AppleWebKit/604.1.38 (KHTML, like Gecko) Version/11.0 Mobile/15A372 Safari/604.1"
::1 - - [26/Oct/2018:06:30:47 +0000] "GET / HTTP/1.1" 500 2722 "-" "Mozilla/5.0 (iPhone; CPU iPhone OS 11_0 like Mac OS X) AppleWebKit/604.1.38 (KHTML, like Gecko) Version/11.0 Mobile/15A372 Safari/604.1"
::1 - - [26/Oct/2018:06:30:48 +0000] "GET /__webpack_hmr HTTP/1.1" 200 - "http://localhost:3000/" "Mozilla/5.0 (iPhone; CPU iPhone OS 11_0 like Mac OS X) AppleWebKit/604.1.38 (KHTML, like Gecko) Version/11.0 Mobile/15A372 Safari/604.1"
::1 - - [26/Oct/2018:06:32:23 +0000] "GET / HTTP/1.1" 500 2721 "-" "Mozilla/5.0 (iPhone; CPU iPhone OS 11_0 like Mac OS X) AppleWebKit/604.1.38 (KHTML, like Gecko) Version/11.0 Mobile/15A372 Safari/604.1"
::1 - - [26/Oct/2018:06:39:04 +0000] "GET / HTTP/1.1" 500 2659 "-" "Mozilla/5.0 (iPhone; CPU iPhone OS 11_0 like Mac OS X) AppleWebKit/604.1.38 (KHTML, like Gecko) Version/11.0 Mobile/15A372 Safari/604.1"
::1 - - [26/Oct/2018:06:39:44 +0000] "GET / HTTP/1.1" 500 2684 "-" "Mozilla/5.0 (iPhone; CPU iPhone OS 11_0 like Mac OS X) AppleWebKit/604.1.38 (KHTML, like Gecko) Version/11.0 Mobile/15A372 Safari/604.1"
::1 - - [26/Oct/2018:06:40:49 +0000] "GET / HTTP/1.1" 500 2684 "-" "Mozilla/5.0 (iPhone; CPU iPhone OS 11_0 like Mac OS X) AppleWebKit/604.1.38 (KHTML, like Gecko) Version/11.0 Mobile/15A372 Safari/604.1"
::1 - - [26/Oct/2018:06:42:59 +0000] "GET / HTTP/1.1" 200 41590 "-" "Mozilla/5.0 (iPhone; CPU iPhone OS 11_0 like Mac OS X) AppleWebKit/604.1.38 (KHTML, like Gecko) Version/11.0 Mobile/15A372 Safari/604.1"
::1 - - [26/Oct/2018:06:42:59 +0000] "GET /index.6d58170d.css?6d58170d97d761ba4e46 HTTP/1.1" 200 29100 "http://localhost:3000/" "Mozilla/5.0 (iPhone; CPU iPhone OS 11_0 like Mac OS X) AppleWebKit/604.1.38 (KHTML, like Gecko) Version/11.0 Mobile/15A372 Safari/604.1"
::1 - - [26/Oct/2018:06:42:59 +0000] "GET /index.6d58170d97d761ba4e46.js?6d58170d97d761ba4e46 HTTP/1.1" 200 1534004 "http://localhost:3000/" "Mozilla/5.0 (iPhone; CPU iPhone OS 11_0 like Mac OS X) AppleWebKit/604.1.38 (KHTML, like Gecko) Version/11.0 Mobile/15A372 Safari/604.1"
::1 - - [26/Oct/2018:06:43:29 +0000] "GET / HTTP/1.1" 304 - "-" "Mozilla/5.0 (iPhone; CPU iPhone OS 11_0 like Mac OS X) AppleWebKit/604.1.38 (KHTML, like Gecko) Version/11.0 Mobile/15A372 Safari/604.1"
::1 - - [26/Oct/2018:06:43:29 +0000] "GET /__webpack_hmr HTTP/1.1" 200 - "http://localhost:3000/" "Mozilla/5.0 (iPhone; CPU iPhone OS 11_0 like Mac OS X) AppleWebKit/604.1.38 (KHTML, like Gecko) Version/11.0 Mobile/15A372 Safari/604.1"
::1 - - [26/Oct/2018:06:43:29 +0000] "GET /index.6d58170d.css?6d58170d97d761ba4e46 HTTP/1.1" 304 - "http://localhost:3000/" "Mozilla/5.0 (iPhone; CPU iPhone OS 11_0 like Mac OS X) AppleWebKit/604.1.38 (KHTML, like Gecko) Version/11.0 Mobile/15A372 Safari/604.1"
::1 - - [26/Oct/2018:06:43:29 +0000] "GET /index.6d58170d97d761ba4e46.js?6d58170d97d761ba4e46 HTTP/1.1" 304 - "http://localhost:3000/" "Mozilla/5.0 (iPhone; CPU iPhone OS 11_0 like Mac OS X) AppleWebKit/604.1.38 (KHTML, like Gecko) Version/11.0 Mobile/15A372 Safari/604.1"
::1 - - [26/Oct/2018:06:44:01 +0000] "GET /__webpack_hmr HTTP/1.1" - - "http://localhost:3000/" "Mozilla/5.0 (iPhone; CPU iPhone OS 11_0 like Mac OS X) AppleWebKit/604.1.38 (KHTML, like Gecko) Version/11.0 Mobile/15A372 Safari/604.1"
::1 - - [26/Oct/2018:06:44:01 +0000] "GET / HTTP/1.1" - - "-" "Mozilla/5.0 (iPhone; CPU iPhone OS 11_0 like Mac OS X) AppleWebKit/604.1.38 (KHTML, like Gecko) Version/11.0 Mobile/15A372 Safari/604.1"
::1 - - [26/Oct/2018:06:44:05 +0000] "GET / HTTP/1.1" 200 41590 "-" "Mozilla/5.0 (iPhone; CPU iPhone OS 11_0 like Mac OS X) AppleWebKit/604.1.38 (KHTML, like Gecko) Version/11.0 Mobile/15A372 Safari/604.1"
::1 - - [26/Oct/2018:06:44:05 +0000] "GET /index.6d58170d.css?6d58170d97d761ba4e46 HTTP/1.1" 304 - "http://localhost:3000/" "Mozilla/5.0 (iPhone; CPU iPhone OS 11_0 like Mac OS X) AppleWebKit/604.1.38 (KHTML, like Gecko) Version/11.0 Mobile/15A372 Safari/604.1"
::1 - - [26/Oct/2018:06:44:05 +0000] "GET /index.6d58170d97d761ba4e46.js?6d58170d97d761ba4e46 HTTP/1.1" 304 - "http://localhost:3000/" "Mozilla/5.0 (iPhone; CPU iPhone OS 11_0 like Mac OS X) AppleWebKit/604.1.38 (KHTML, like Gecko) Version/11.0 Mobile/15A372 Safari/604.1"
::1 - - [26/Oct/2018:06:44:07 +0000] "GET / HTTP/1.1" 304 - "-" "Mozilla/5.0 (iPhone; CPU iPhone OS 11_0 like Mac OS X) AppleWebKit/604.1.38 (KHTML, like Gecko) Version/11.0 Mobile/15A372 Safari/604.1"
::1 - - [26/Oct/2018:06:44:07 +0000] "GET /__webpack_hmr HTTP/1.1" 200 - "http://localhost:3000/" "Mozilla/5.0 (iPhone; CPU iPhone OS 11_0 like Mac OS X) AppleWebKit/604.1.38 (KHTML, like Gecko) Version/11.0 Mobile/15A372 Safari/604.1"
::1 - - [26/Oct/2018:06:44:07 +0000] "GET /index.6d58170d.css?6d58170d97d761ba4e46 HTTP/1.1" 304 - "http://localhost:3000/" "Mozilla/5.0 (iPhone; CPU iPhone OS 11_0 like Mac OS X) AppleWebKit/604.1.38 (KHTML, like Gecko) Version/11.0 Mobile/15A372 Safari/604.1"
::1 - - [26/Oct/2018:06:44:07 +0000] "GET /index.6d58170d97d761ba4e46.js?6d58170d97d761ba4e46 HTTP/1.1" 304 - "http://localhost:3000/" "Mozilla/5.0 (iPhone; CPU iPhone OS 11_0 like Mac OS X) AppleWebKit/604.1.38 (KHTML, like Gecko) Version/11.0 Mobile/15A372 Safari/604.1"
::1 - - [26/Oct/2018:06:44:43 +0000] "GET /news-list.html HTTP/1.1" 500 2164 "http://localhost:3000/" "Mozilla/5.0 (iPhone; CPU iPhone OS 11_0 like Mac OS X) AppleWebKit/604.1.38 (KHTML, like Gecko) Version/11.0 Mobile/15A372 Safari/604.1"
::1 - - [26/Oct/2018:06:44:43 +0000] "GET /__webpack_hmr HTTP/1.1" 200 - "http://localhost:3000/" "Mozilla/5.0 (iPhone; CPU iPhone OS 11_0 like Mac OS X) AppleWebKit/604.1.38 (KHTML, like Gecko) Version/11.0 Mobile/15A372 Safari/604.1"
::1 - - [26/Oct/2018:06:50:04 +0000] "GET / HTTP/1.1" 200 43705 "-" "Mozilla/5.0 (iPhone; CPU iPhone OS 11_0 like Mac OS X) AppleWebKit/604.1.38 (KHTML, like Gecko) Version/11.0 Mobile/15A372 Safari/604.1"
::1 - - [26/Oct/2018:06:50:04 +0000] "GET /__webpack_hmr HTTP/1.1" 200 - "http://localhost:3000/" "Mozilla/5.0 (iPhone; CPU iPhone OS 11_0 like Mac OS X) AppleWebKit/604.1.38 (KHTML, like Gecko) Version/11.0 Mobile/15A372 Safari/604.1"
::1 - - [26/Oct/2018:06:50:04 +0000] "GET /index.6d58170d.css?6d58170d97d761ba4e46 HTTP/1.1" 304 - "http://localhost:3000/" "Mozilla/5.0 (iPhone; CPU iPhone OS 11_0 like Mac OS X) AppleWebKit/604.1.38 (KHTML, like Gecko) Version/11.0 Mobile/15A372 Safari/604.1"
::1 - - [26/Oct/2018:06:50:04 +0000] "GET /index.6d58170d97d761ba4e46.js?6d58170d97d761ba4e46 HTTP/1.1" 304 - "http://localhost:3000/" "Mozilla/5.0 (iPhone; CPU iPhone OS 11_0 like Mac OS X) AppleWebKit/604.1.38 (KHTML, like Gecko) Version/11.0 Mobile/15A372 Safari/604.1"
::1 - - [26/Oct/2018:06:50:38 +0000] "GET / HTTP/1.1" 200 43705 "-" "Mozilla/5.0 (iPhone; CPU iPhone OS 11_0 like Mac OS X) AppleWebKit/604.1.38 (KHTML, like Gecko) Version/11.0 Mobile/15A372 Safari/604.1"
::1 - - [26/Oct/2018:06:50:38 +0000] "GET /__webpack_hmr HTTP/1.1" 200 - "http://localhost:3000/" "Mozilla/5.0 (iPhone; CPU iPhone OS 11_0 like Mac OS X) AppleWebKit/604.1.38 (KHTML, like Gecko) Version/11.0 Mobile/15A372 Safari/604.1"
::1 - - [26/Oct/2018:06:50:38 +0000] "GET /index.6d58170d.css?6d58170d97d761ba4e46 HTTP/1.1" 304 - "http://localhost:3000/" "Mozilla/5.0 (iPhone; CPU iPhone OS 11_0 like Mac OS X) AppleWebKit/604.1.38 (KHTML, like Gecko) Version/11.0 Mobile/15A372 Safari/604.1"
::1 - - [26/Oct/2018:06:50:38 +0000] "GET /index.6d58170d97d761ba4e46.js?6d58170d97d761ba4e46 HTTP/1.1" 304 - "http://localhost:3000/" "Mozilla/5.0 (iPhone; CPU iPhone OS 11_0 like Mac OS X) AppleWebKit/604.1.38 (KHTML, like Gecko) Version/11.0 Mobile/15A372 Safari/604.1"
::1 - - [26/Oct/2018:06:50:43 +0000] "GET / HTTP/1.1" 304 - "-" "Mozilla/5.0 (iPhone; CPU iPhone OS 11_0 like Mac OS X) AppleWebKit/604.1.38 (KHTML, like Gecko) Version/11.0 Mobile/15A372 Safari/604.1"
::1 - - [26/Oct/2018:06:50:43 +0000] "GET /__webpack_hmr HTTP/1.1" 200 - "http://localhost:3000/" "Mozilla/5.0 (iPhone; CPU iPhone OS 11_0 like Mac OS X) AppleWebKit/604.1.38 (KHTML, like Gecko) Version/11.0 Mobile/15A372 Safari/604.1"
::1 - - [26/Oct/2018:06:50:43 +0000] "GET /index.6d58170d.css?6d58170d97d761ba4e46 HTTP/1.1" 304 - "http://localhost:3000/" "Mozilla/5.0 (iPhone; CPU iPhone OS 11_0 like Mac OS X) AppleWebKit/604.1.38 (KHTML, like Gecko) Version/11.0 Mobile/15A372 Safari/604.1"
::1 - - [26/Oct/2018:06:50:43 +0000] "GET /index.6d58170d97d761ba4e46.js?6d58170d97d761ba4e46 HTTP/1.1" 304 - "http://localhost:3000/" "Mozilla/5.0 (iPhone; CPU iPhone OS 11_0 like Mac OS X) AppleWebKit/604.1.38 (KHTML, like Gecko) Version/11.0 Mobile/15A372 Safari/604.1"
::1 - - [26/Oct/2018:06:51:34 +0000] "GET /news-list.html HTTP/1.1" 500 2176 "http://localhost:3000/" "Mozilla/5.0 (iPhone; CPU iPhone OS 11_0 like Mac OS X) AppleWebKit/604.1.38 (KHTML, like Gecko) Version/11.0 Mobile/15A372 Safari/604.1"
::1 - - [26/Oct/2018:06:51:34 +0000] "GET /__webpack_hmr HTTP/1.1" 200 - "http://localhost:3000/" "Mozilla/5.0 (iPhone; CPU iPhone OS 11_0 like Mac OS X) AppleWebKit/604.1.38 (KHTML, like Gecko) Version/11.0 Mobile/15A372 Safari/604.1"
::1 - - [26/Oct/2018:07:50:52 +0000] "GET /news-list.html HTTP/1.1" 500 2176 "http://localhost:3000/" "Mozilla/5.0 (iPhone; CPU iPhone OS 11_0 like Mac OS X) AppleWebKit/604.1.38 (KHTML, like Gecko) Version/11.0 Mobile/15A372 Safari/604.1"
::1 - - [26/Oct/2018:07:51:27 +0000] "GET /news-list.html HTTP/1.1" 200 2488 "http://localhost:3000/" "Mozilla/5.0 (iPhone; CPU iPhone OS 11_0 like Mac OS X) AppleWebKit/604.1.38 (KHTML, like Gecko) Version/11.0 Mobile/15A372 Safari/604.1"
::1 - - [26/Oct/2018:07:51:27 +0000] "GET /news-list.d35f28a4.css?d35f28a4e29ab069b1d1 HTTP/1.1" 200 19357 "http://localhost:3000/news-list.html" "Mozilla/5.0 (iPhone; CPU iPhone OS 11_0 like Mac OS X) AppleWebKit/604.1.38 (KHTML, like Gecko) Version/11.0 Mobile/15A372 Safari/604.1"
::1 - - [26/Oct/2018:07:51:27 +0000] "GET /news-list.d35f28a4e29ab069b1d1.js?d35f28a4e29ab069b1d1 HTTP/1.1" 200 1540049 "http://localhost:3000/news-list.html" "Mozilla/5.0 (iPhone; CPU iPhone OS 11_0 like Mac OS X) AppleWebKit/604.1.38 (KHTML, like Gecko) Version/11.0 Mobile/15A372 Safari/604.1"
::1 - - [26/Oct/2018:07:51:27 +0000] "GET /api.saas.dianwutong.com/admin/rest/news/page?{%22pageSize%22:10,%22currentPage%22:1} HTTP/1.1" 404 183 "http://localhost:3000/news-list.html" "Mozilla/5.0 (iPhone; CPU iPhone OS 11_0 like Mac OS X) AppleWebKit/604.1.38 (KHTML, like Gecko) Version/11.0 Mobile/15A372 Safari/604.1"
::1 - - [26/Oct/2018:07:51:44 +0000] "GET /d35f28a4e29ab069b1d1.hot-update.json HTTP/1.1" 200 51 "http://localhost:3000/news-list.html" "Mozilla/5.0 (iPhone; CPU iPhone OS 11_0 like Mac OS X) AppleWebKit/604.1.38 (KHTML, like Gecko) Version/11.0 Mobile/15A372 Safari/604.1"
::1 - - [26/Oct/2018:07:51:44 +0000] "GET /news-list.d35f28a4e29ab069b1d1.hot-update.js HTTP/1.1" 200 16085 "http://localhost:3000/news-list.html" "Mozilla/5.0 (iPhone; CPU iPhone OS 11_0 like Mac OS X) AppleWebKit/604.1.38 (KHTML, like Gecko) Version/11.0 Mobile/15A372 Safari/604.1"
::1 - - [26/Oct/2018:07:51:44 +0000] "GET /news-list.html HTTP/1.1" 200 2488 "http://localhost:3000/news-list.html" "Mozilla/5.0 (iPhone; CPU iPhone OS 11_0 like Mac OS X) AppleWebKit/604.1.38 (KHTML, like Gecko) Version/11.0 Mobile/15A372 Safari/604.1"
::1 - - [26/Oct/2018:07:51:44 +0000] "GET /__webpack_hmr HTTP/1.1" 200 - "http://localhost:3000/news-list.html" "Mozilla/5.0 (iPhone; CPU iPhone OS 11_0 like Mac OS X) AppleWebKit/604.1.38 (KHTML, like Gecko) Version/11.0 Mobile/15A372 Safari/604.1"
::1 - - [26/Oct/2018:07:51:44 +0000] "GET /news-list.b8a6e32f.css?b8a6e32fb6a9ee8a657f HTTP/1.1" 200 19357 "http://localhost:3000/news-list.html" "Mozilla/5.0 (iPhone; CPU iPhone OS 11_0 like Mac OS X) AppleWebKit/604.1.38 (KHTML, like Gecko) Version/11.0 Mobile/15A372 Safari/604.1"
::1 - - [26/Oct/2018:07:51:44 +0000] "GET /news-list.b8a6e32fb6a9ee8a657f.js?b8a6e32fb6a9ee8a657f HTTP/1.1" 200 1540064 "http://localhost:3000/news-list.html" "Mozilla/5.0 (iPhone; CPU iPhone OS 11_0 like Mac OS X) AppleWebKit/604.1.38 (KHTML, like Gecko) Version/11.0 Mobile/15A372 Safari/604.1"
::1 - - [26/Oct/2018:07:54:13 +0000] "GET /b8a6e32fb6a9ee8a657f.hot-update.json HTTP/1.1" 200 51 "http://localhost:3000/news-list.html" "Mozilla/5.0 (iPhone; CPU iPhone OS 11_0 like Mac OS X) AppleWebKit/604.1.38 (KHTML, like Gecko) Version/11.0 Mobile/15A372 Safari/604.1"
::1 - - [26/Oct/2018:07:54:13 +0000] "GET /news-list.b8a6e32fb6a9ee8a657f.hot-update.js HTTP/1.1" 200 16090 "http://localhost:3000/news-list.html" "Mozilla/5.0 (iPhone; CPU iPhone OS 11_0 like Mac OS X) AppleWebKit/604.1.38 (KHTML, like Gecko) Version/11.0 Mobile/15A372 Safari/604.1"
::1 - - [26/Oct/2018:07:54:13 +0000] "GET /news-list.html HTTP/1.1" 200 2488 "http://localhost:3000/news-list.html" "Mozilla/5.0 (iPhone; CPU iPhone OS 11_0 like Mac OS X) AppleWebKit/604.1.38 (KHTML, like Gecko) Version/11.0 Mobile/15A372 Safari/604.1"
::1 - - [26/Oct/2018:07:54:13 +0000] "GET /__webpack_hmr HTTP/1.1" 200 - "http://localhost:3000/news-list.html" "Mozilla/5.0 (iPhone; CPU iPhone OS 11_0 like Mac OS X) AppleWebKit/604.1.38 (KHTML, like Gecko) Version/11.0 Mobile/15A372 Safari/604.1"
::1 - - [26/Oct/2018:07:54:13 +0000] "GET /news-list.29d8f634.css?29d8f634f0908d4e7d4d HTTP/1.1" 200 19357 "http://localhost:3000/news-list.html" "Mozilla/5.0 (iPhone; CPU iPhone OS 11_0 like Mac OS X) AppleWebKit/604.1.38 (KHTML, like Gecko) Version/11.0 Mobile/15A372 Safari/604.1"
::1 - - [26/Oct/2018:07:54:13 +0000] "GET /news-list.29d8f634f0908d4e7d4d.js?29d8f634f0908d4e7d4d HTTP/1.1" 200 1540069 "http://localhost:3000/news-list.html" "Mozilla/5.0 (iPhone; CPU iPhone OS 11_0 like Mac OS X) AppleWebKit/604.1.38 (KHTML, like Gecko) Version/11.0 Mobile/15A372 Safari/604.1"
::1 - - [26/Oct/2018:07:54:16 +0000] "GET /news-list.html HTTP/1.1" 304 - "http://localhost:3000/news-list.html" "Mozilla/5.0 (iPhone; CPU iPhone OS 11_0 like Mac OS X) AppleWebKit/604.1.38 (KHTML, like Gecko) Version/11.0 Mobile/15A372 Safari/604.1"
::1 - - [26/Oct/2018:07:54:16 +0000] "GET /__webpack_hmr HTTP/1.1" 200 - "http://localhost:3000/news-list.html" "Mozilla/5.0 (iPhone; CPU iPhone OS 11_0 like Mac OS X) AppleWebKit/604.1.38 (KHTML, like Gecko) Version/11.0 Mobile/15A372 Safari/604.1"
::1 - - [26/Oct/2018:07:54:16 +0000] "GET /news-list.29d8f634.css?29d8f634f0908d4e7d4d HTTP/1.1" 304 - "http://localhost:3000/news-list.html" "Mozilla/5.0 (iPhone; CPU iPhone OS 11_0 like Mac OS X) AppleWebKit/604.1.38 (KHTML, like Gecko) Version/11.0 Mobile/15A372 Safari/604.1"
::1 - - [26/Oct/2018:07:54:16 +0000] "GET /news-list.29d8f634f0908d4e7d4d.js?29d8f634f0908d4e7d4d HTTP/1.1" 304 - "http://localhost:3000/news-list.html" "Mozilla/5.0 (iPhone; CPU iPhone OS 11_0 like Mac OS X) AppleWebKit/604.1.38 (KHTML, like Gecko) Version/11.0 Mobile/15A372 Safari/604.1"
::1 - - [26/Oct/2018:07:54:26 +0000] "GET /29d8f634f0908d4e7d4d.hot-update.json HTTP/1.1" 200 51 "http://localhost:3000/news-list.html" "Mozilla/5.0 (iPhone; CPU iPhone OS 11_0 like Mac OS X) AppleWebKit/604.1.38 (KHTML, like Gecko) Version/11.0 Mobile/15A372 Safari/604.1"
::1 - - [26/Oct/2018:07:54:26 +0000] "GET /news-list.29d8f634f0908d4e7d4d.hot-update.js HTTP/1.1" 200 15978 "http://localhost:3000/news-list.html" "Mozilla/5.0 (iPhone; CPU iPhone OS 11_0 like Mac OS X) AppleWebKit/604.1.38 (KHTML, like Gecko) Version/11.0 Mobile/15A372 Safari/604.1"
::1 - - [26/Oct/2018:07:54:26 +0000] "GET /news-list.html HTTP/1.1" 200 2488 "http://localhost:3000/news-list.html" "Mozilla/5.0 (iPhone; CPU iPhone OS 11_0 like Mac OS X) AppleWebKit/604.1.38 (KHTML, like Gecko) Version/11.0 Mobile/15A372 Safari/604.1"
::1 - - [26/Oct/2018:07:54:26 +0000] "GET /__webpack_hmr HTTP/1.1" 200 - "http://localhost:3000/news-list.html" "Mozilla/5.0 (iPhone; CPU iPhone OS 11_0 like Mac OS X) AppleWebKit/604.1.38 (KHTML, like Gecko) Version/11.0 Mobile/15A372 Safari/604.1"
::1 - - [26/Oct/2018:07:54:26 +0000] "GET /news-list.31221cc0.css?31221cc064b4cb817bb0 HTTP/1.1" 200 19357 "http://localhost:3000/news-list.html" "Mozilla/5.0 (iPhone; CPU iPhone OS 11_0 like Mac OS X) AppleWebKit/604.1.38 (KHTML, like Gecko) Version/11.0 Mobile/15A372 Safari/604.1"
::1 - - [26/Oct/2018:07:54:26 +0000] "GET /news-list.31221cc064b4cb817bb0.js?31221cc064b4cb817bb0 HTTP/1.1" 200 1539957 "http://localhost:3000/news-list.html" "Mozilla/5.0 (iPhone; CPU iPhone OS 11_0 like Mac OS X) AppleWebKit/604.1.38 (KHTML, like Gecko) Version/11.0 Mobile/15A372 Safari/604.1"
::1 - - [26/Oct/2018:07:54:31 +0000] "GET /news-list.html HTTP/1.1" 304 - "http://localhost:3000/news-list.html" "Mozilla/5.0 (iPhone; CPU iPhone OS 11_0 like Mac OS X) AppleWebKit/604.1.38 (KHTML, like Gecko) Version/11.0 Mobile/15A372 Safari/604.1"
::1 - - [26/Oct/2018:07:54:31 +0000] "GET /__webpack_hmr HTTP/1.1" 200 - "http://localhost:3000/news-list.html" "Mozilla/5.0 (iPhone; CPU iPhone OS 11_0 like Mac OS X) AppleWebKit/604.1.38 (KHTML, like Gecko) Version/11.0 Mobile/15A372 Safari/604.1"
::1 - - [26/Oct/2018:07:54:31 +0000] "GET /news-list.31221cc0.css?31221cc064b4cb817bb0 HTTP/1.1" 304 - "http://localhost:3000/news-list.html" "Mozilla/5.0 (iPhone; CPU iPhone OS 11_0 like Mac OS X) AppleWebKit/604.1.38 (KHTML, like Gecko) Version/11.0 Mobile/15A372 Safari/604.1"
::1 - - [26/Oct/2018:07:54:31 +0000] "GET /news-list.31221cc064b4cb817bb0.js?31221cc064b4cb817bb0 HTTP/1.1" 304 - "http://localhost:3000/news-list.html" "Mozilla/5.0 (iPhone; CPU iPhone OS 11_0 like Mac OS X) AppleWebKit/604.1.38 (KHTML, like Gecko) Version/11.0 Mobile/15A372 Safari/604.1"
::1 - - [26/Oct/2018:07:55:16 +0000] "GET /31221cc064b4cb817bb0.hot-update.json HTTP/1.1" 200 51 "http://localhost:3000/news-list.html" "Mozilla/5.0 (iPhone; CPU iPhone OS 11_0 like Mac OS X) AppleWebKit/604.1.38 (KHTML, like Gecko) Version/11.0 Mobile/15A372 Safari/604.1"
::1 - - [26/Oct/2018:07:55:16 +0000] "GET /news-list.31221cc064b4cb817bb0.hot-update.js HTTP/1.1" 200 16159 "http://localhost:3000/news-list.html" "Mozilla/5.0 (iPhone; CPU iPhone OS 11_0 like Mac OS X) AppleWebKit/604.1.38 (KHTML, like Gecko) Version/11.0 Mobile/15A372 Safari/604.1"
::1 - - [26/Oct/2018:07:55:16 +0000] "GET /news-list.html HTTP/1.1" 200 2488 "http://localhost:3000/news-list.html" "Mozilla/5.0 (iPhone; CPU iPhone OS 11_0 like Mac OS X) AppleWebKit/604.1.38 (KHTML, like Gecko) Version/11.0 Mobile/15A372 Safari/604.1"
::1 - - [26/Oct/2018:07:55:16 +0000] "GET /__webpack_hmr HTTP/1.1" 200 - "http://localhost:3000/news-list.html" "Mozilla/5.0 (iPhone; CPU iPhone OS 11_0 like Mac OS X) AppleWebKit/604.1.38 (KHTML, like Gecko) Version/11.0 Mobile/15A372 Safari/604.1"
::1 - - [26/Oct/2018:07:55:16 +0000] "GET /news-list.96a5fec2.css?96a5fec2e761fa15d08a HTTP/1.1" 200 19357 "http://localhost:3000/news-list.html" "Mozilla/5.0 (iPhone; CPU iPhone OS 11_0 like Mac OS X) AppleWebKit/604.1.38 (KHTML, like Gecko) Version/11.0 Mobile/15A372 Safari/604.1"
::1 - - [26/Oct/2018:07:55:16 +0000] "GET /news-list.96a5fec2e761fa15d08a.js?96a5fec2e761fa15d08a HTTP/1.1" 200 1540138 "http://localhost:3000/news-list.html" "Mozilla/5.0 (iPhone; CPU iPhone OS 11_0 like Mac OS X) AppleWebKit/604.1.38 (KHTML, like Gecko) Version/11.0 Mobile/15A372 Safari/604.1"
::1 - - [26/Oct/2018:07:56:09 +0000] "GET /news-list.html HTTP/1.1" 304 - "http://localhost:3000/news-list.html" "Mozilla/5.0 (iPhone; CPU iPhone OS 11_0 like Mac OS X) AppleWebKit/604.1.38 (KHTML, like Gecko) Version/11.0 Mobile/15A372 Safari/604.1"
::1 - - [26/Oct/2018:07:56:09 +0000] "GET /__webpack_hmr HTTP/1.1" 200 - "http://localhost:3000/news-list.html" "Mozilla/5.0 (iPhone; CPU iPhone OS 11_0 like Mac OS X) AppleWebKit/604.1.38 (KHTML, like Gecko) Version/11.0 Mobile/15A372 Safari/604.1"
::1 - - [26/Oct/2018:07:56:09 +0000] "GET /news-list.96a5fec2.css?96a5fec2e761fa15d08a HTTP/1.1" 304 - "http://localhost:3000/news-list.html" "Mozilla/5.0 (iPhone; CPU iPhone OS 11_0 like Mac OS X) AppleWebKit/604.1.38 (KHTML, like Gecko) Version/11.0 Mobile/15A372 Safari/604.1"
::1 - - [26/Oct/2018:07:56:09 +0000] "GET /news-list.96a5fec2e761fa15d08a.js?96a5fec2e761fa15d08a HTTP/1.1" 304 - "http://localhost:3000/news-list.html" "Mozilla/5.0 (iPhone; CPU iPhone OS 11_0 like Mac OS X) AppleWebKit/604.1.38 (KHTML, like Gecko) Version/11.0 Mobile/15A372 Safari/604.1"
::1 - - [26/Oct/2018:07:56:17 +0000] "GET /96a5fec2e761fa15d08a.hot-update.json HTTP/1.1" 200 51 "http://localhost:3000/news-list.html" "Mozilla/5.0 (iPhone; CPU iPhone OS 11_0 like Mac OS X) AppleWebKit/604.1.38 (KHTML, like Gecko) Version/11.0 Mobile/15A372 Safari/604.1"
::1 - - [26/Oct/2018:07:56:17 +0000] "GET /news-list.96a5fec2e761fa15d08a.hot-update.js HTTP/1.1" 200 16159 "http://localhost:3000/news-list.html" "Mozilla/5.0 (iPhone; CPU iPhone OS 11_0 like Mac OS X) AppleWebKit/604.1.38 (KHTML, like Gecko) Version/11.0 Mobile/15A372 Safari/604.1"
::1 - - [26/Oct/2018:07:56:17 +0000] "GET /news-list.html HTTP/1.1" 200 2488 "http://localhost:3000/news-list.html" "Mozilla/5.0 (iPhone; CPU iPhone OS 11_0 like Mac OS X) AppleWebKit/604.1.38 (KHTML, like Gecko) Version/11.0 Mobile/15A372 Safari/604.1"
::1 - - [26/Oct/2018:07:56:17 +0000] "GET /__webpack_hmr HTTP/1.1" 200 - "http://localhost:3000/news-list.html" "Mozilla/5.0 (iPhone; CPU iPhone OS 11_0 like Mac OS X) AppleWebKit/604.1.38 (KHTML, like Gecko) Version/11.0 Mobile/15A372 Safari/604.1"
::1 - - [26/Oct/2018:07:56:17 +0000] "GET /news-list.b28a732c.css?b28a732c4c67c13519da HTTP/1.1" 200 19357 "http://localhost:3000/news-list.html" "Mozilla/5.0 (iPhone; CPU iPhone OS 11_0 like Mac OS X) AppleWebKit/604.1.38 (KHTML, like Gecko) Version/11.0 Mobile/15A372 Safari/604.1"
::1 - - [26/Oct/2018:07:56:17 +0000] "GET /news-list.b28a732c4c67c13519da.js?b28a732c4c67c13519da HTTP/1.1" 200 1540138 "http://localhost:3000/news-list.html" "Mozilla/5.0 (iPhone; CPU iPhone OS 11_0 like Mac OS X) AppleWebKit/604.1.38 (KHTML, like Gecko) Version/11.0 Mobile/15A372 Safari/604.1"
::1 - - [26/Oct/2018:07:56:25 +0000] "GET /news-list.html HTTP/1.1" 304 - "http://localhost:3000/news-list.html" "Mozilla/5.0 (iPhone; CPU iPhone OS 11_0 like Mac OS X) AppleWebKit/604.1.38 (KHTML, like Gecko) Version/11.0 Mobile/15A372 Safari/604.1"
::1 - - [26/Oct/2018:07:56:25 +0000] "GET /__webpack_hmr HTTP/1.1" 200 - "http://localhost:3000/news-list.html" "Mozilla/5.0 (iPhone; CPU iPhone OS 11_0 like Mac OS X) AppleWebKit/604.1.38 (KHTML, like Gecko) Version/11.0 Mobile/15A372 Safari/604.1"
::1 - - [26/Oct/2018:07:56:25 +0000] "GET /news-list.b28a732c.css?b28a732c4c67c13519da HTTP/1.1" 304 - "http://localhost:3000/news-list.html" "Mozilla/5.0 (iPhone; CPU iPhone OS 11_0 like Mac OS X) AppleWebKit/604.1.38 (KHTML, like Gecko) Version/11.0 Mobile/15A372 Safari/604.1"
::1 - - [26/Oct/2018:07:56:25 +0000] "GET /news-list.b28a732c4c67c13519da.js?b28a732c4c67c13519da HTTP/1.1" 304 - "http://localhost:3000/news-list.html" "Mozilla/5.0 (iPhone; CPU iPhone OS 11_0 like Mac OS X) AppleWebKit/604.1.38 (KHTML, like Gecko) Version/11.0 Mobile/15A372 Safari/604.1"
::1 - - [26/Oct/2018:07:56:40 +0000] "GET /news-list.html HTTP/1.1" 304 - "http://localhost:3000/news-list.html" "Mozilla/5.0 (iPhone; CPU iPhone OS 11_0 like Mac OS X) AppleWebKit/604.1.38 (KHTML, like Gecko) Version/11.0 Mobile/15A372 Safari/604.1"
::1 - - [26/Oct/2018:07:56:40 +0000] "GET /__webpack_hmr HTTP/1.1" 200 - "http://localhost:3000/news-list.html" "Mozilla/5.0 (iPhone; CPU iPhone OS 11_0 like Mac OS X) AppleWebKit/604.1.38 (KHTML, like Gecko) Version/11.0 Mobile/15A372 Safari/604.1"
::1 - - [26/Oct/2018:07:56:40 +0000] "GET /news-list.b28a732c.css?b28a732c4c67c13519da HTTP/1.1" 304 - "http://localhost:3000/news-list.html" "Mozilla/5.0 (iPhone; CPU iPhone OS 11_0 like Mac OS X) AppleWebKit/604.1.38 (KHTML, like Gecko) Version/11.0 Mobile/15A372 Safari/604.1"
::1 - - [26/Oct/2018:07:56:40 +0000] "GET /news-list.b28a732c4c67c13519da.js?b28a732c4c67c13519da HTTP/1.1" 304 - "http://localhost:3000/news-list.html" "Mozilla/5.0 (iPhone; CPU iPhone OS 11_0 like Mac OS X) AppleWebKit/604.1.38 (KHTML, like Gecko) Version/11.0 Mobile/15A372 Safari/604.1"
::1 - - [26/Oct/2018:07:56:42 +0000] "GET /news-list.html HTTP/1.1" 304 - "http://localhost:3000/news-list.html" "Mozilla/5.0 (iPhone; CPU iPhone OS 11_0 like Mac OS X) AppleWebKit/604.1.38 (KHTML, like Gecko) Version/11.0 Mobile/15A372 Safari/604.1"
::1 - - [26/Oct/2018:07:56:42 +0000] "GET /__webpack_hmr HTTP/1.1" 200 - "http://localhost:3000/news-list.html" "Mozilla/5.0 (iPhone; CPU iPhone OS 11_0 like Mac OS X) AppleWebKit/604.1.38 (KHTML, like Gecko) Version/11.0 Mobile/15A372 Safari/604.1"
::1 - - [26/Oct/2018:07:56:42 +0000] "GET /news-list.b28a732c.css?b28a732c4c67c13519da HTTP/1.1" 304 - "http://localhost:3000/news-list.html" "Mozilla/5.0 (iPhone; CPU iPhone OS 11_0 like Mac OS X) AppleWebKit/604.1.38 (KHTML, like Gecko) Version/11.0 Mobile/15A372 Safari/604.1"
::1 - - [26/Oct/2018:07:56:42 +0000] "GET /news-list.b28a732c4c67c13519da.js?b28a732c4c67c13519da HTTP/1.1" 304 - "http://localhost:3000/news-list.html" "Mozilla/5.0 (iPhone; CPU iPhone OS 11_0 like Mac OS X) AppleWebKit/604.1.38 (KHTML, like Gecko) Version/11.0 Mobile/15A372 Safari/604.1"
::1 - - [26/Oct/2018:08:00:54 +0000] "GET /b28a732c4c67c13519da.hot-update.json HTTP/1.1" 200 51 "http://localhost:3000/news-list.html" "Mozilla/5.0 (iPhone; CPU iPhone OS 11_0 like Mac OS X) AppleWebKit/604.1.38 (KHTML, like Gecko) Version/11.0 Mobile/15A372 Safari/604.1"
::1 - - [26/Oct/2018:08:00:54 +0000] "GET /news-list.b28a732c4c67c13519da.hot-update.js HTTP/1.1" 200 16088 "http://localhost:3000/news-list.html" "Mozilla/5.0 (iPhone; CPU iPhone OS 11_0 like Mac OS X) AppleWebKit/604.1.38 (KHTML, like Gecko) Version/11.0 Mobile/15A372 Safari/604.1"
::1 - - [26/Oct/2018:08:00:54 +0000] "GET /news-list.html HTTP/1.1" 200 2488 "http://localhost:3000/news-list.html" "Mozilla/5.0 (iPhone; CPU iPhone OS 11_0 like Mac OS X) AppleWebKit/604.1.38 (KHTML, like Gecko) Version/11.0 Mobile/15A372 Safari/604.1"
::1 - - [26/Oct/2018:08:00:54 +0000] "GET /__webpack_hmr HTTP/1.1" 200 - "http://localhost:3000/news-list.html" "Mozilla/5.0 (iPhone; CPU iPhone OS 11_0 like Mac OS X) AppleWebKit/604.1.38 (KHTML, like Gecko) Version/11.0 Mobile/15A372 Safari/604.1"
::1 - - [26/Oct/2018:08:00:54 +0000] "GET /news-list.40787669.css?40787669238358c0eb42 HTTP/1.1" 200 19357 "http://localhost:3000/news-list.html" "Mozilla/5.0 (iPhone; CPU iPhone OS 11_0 like Mac OS X) AppleWebKit/604.1.38 (KHTML, like Gecko) Version/11.0 Mobile/15A372 Safari/604.1"
::1 - - [26/Oct/2018:08:00:54 +0000] "GET /news-list.40787669238358c0eb42.js?40787669238358c0eb42 HTTP/1.1" 200 1540067 "http://localhost:3000/news-list.html" "Mozilla/5.0 (iPhone; CPU iPhone OS 11_0 like Mac OS X) AppleWebKit/604.1.38 (KHTML, like Gecko) Version/11.0 Mobile/15A372 Safari/604.1"
::1 - - [26/Oct/2018:08:00:58 +0000] "GET /news-list.html HTTP/1.1" 304 - "http://localhost:3000/news-list.html" "Mozilla/5.0 (iPhone; CPU iPhone OS 11_0 like Mac OS X) AppleWebKit/604.1.38 (KHTML, like Gecko) Version/11.0 Mobile/15A372 Safari/604.1"
::1 - - [26/Oct/2018:08:00:58 +0000] "GET /__webpack_hmr HTTP/1.1" 200 - "http://localhost:3000/news-list.html" "Mozilla/5.0 (iPhone; CPU iPhone OS 11_0 like Mac OS X) AppleWebKit/604.1.38 (KHTML, like Gecko) Version/11.0 Mobile/15A372 Safari/604.1"
::1 - - [26/Oct/2018:08:00:58 +0000] "GET /news-list.40787669.css?40787669238358c0eb42 HTTP/1.1" 304 - "http://localhost:3000/news-list.html" "Mozilla/5.0 (iPhone; CPU iPhone OS 11_0 like Mac OS X) AppleWebKit/604.1.38 (KHTML, like Gecko) Version/11.0 Mobile/15A372 Safari/604.1"
::1 - - [26/Oct/2018:08:00:58 +0000] "GET /news-list.40787669238358c0eb42.js?40787669238358c0eb42 HTTP/1.1" 304 - "http://localhost:3000/news-list.html" "Mozilla/5.0 (iPhone; CPU iPhone OS 11_0 like Mac OS X) AppleWebKit/604.1.38 (KHTML, like Gecko) Version/11.0 Mobile/15A372 Safari/604.1"
::1 - - [26/Oct/2018:08:01:03 +0000] "GET /news-list.html HTTP/1.1" 304 - "http://localhost:3000/news-list.html" "Mozilla/5.0 (iPhone; CPU iPhone OS 11_0 like Mac OS X) AppleWebKit/604.1.38 (KHTML, like Gecko) Version/11.0 Mobile/15A372 Safari/604.1"
::1 - - [26/Oct/2018:08:01:03 +0000] "GET /__webpack_hmr HTTP/1.1" 200 - "http://localhost:3000/news-list.html" "Mozilla/5.0 (iPhone; CPU iPhone OS 11_0 like Mac OS X) AppleWebKit/604.1.38 (KHTML, like Gecko) Version/11.0 Mobile/15A372 Safari/604.1"
::1 - - [26/Oct/2018:08:01:03 +0000] "GET /news-list.40787669.css?40787669238358c0eb42 HTTP/1.1" 304 - "http://localhost:3000/news-list.html" "Mozilla/5.0 (iPhone; CPU iPhone OS 11_0 like Mac OS X) AppleWebKit/604.1.38 (KHTML, like Gecko) Version/11.0 Mobile/15A372 Safari/604.1"
::1 - - [26/Oct/2018:08:01:03 +0000] "GET /news-list.40787669238358c0eb42.js?40787669238358c0eb42 HTTP/1.1" 304 - "http://localhost:3000/news-list.html" "Mozilla/5.0 (iPhone; CPU iPhone OS 11_0 like Mac OS X) AppleWebKit/604.1.38 (KHTML, like Gecko) Version/11.0 Mobile/15A372 Safari/604.1"
::1 - - [26/Oct/2018:08:01:27 +0000] "GET /40787669238358c0eb42.hot-update.json HTTP/1.1" 200 51 "http://localhost:3000/news-list.html" "Mozilla/5.0 (iPhone; CPU iPhone OS 11_0 like Mac OS X) AppleWebKit/604.1.38 (KHTML, like Gecko) Version/11.0 Mobile/15A372 Safari/604.1"
::1 - - [26/Oct/2018:08:01:27 +0000] "GET /news-list.40787669238358c0eb42.hot-update.js HTTP/1.1" 200 16286 "http://localhost:3000/news-list.html" "Mozilla/5.0 (iPhone; CPU iPhone OS 11_0 like Mac OS X) AppleWebKit/604.1.38 (KHTML, like Gecko) Version/11.0 Mobile/15A372 Safari/604.1"
::1 - - [26/Oct/2018:08:01:27 +0000] "GET /news-list.html HTTP/1.1" 200 2488 "http://localhost:3000/news-list.html" "Mozilla/5.0 (iPhone; CPU iPhone OS 11_0 like Mac OS X) AppleWebKit/604.1.38 (KHTML, like Gecko) Version/11.0 Mobile/15A372 Safari/604.1"
::1 - - [26/Oct/2018:08:01:27 +0000] "GET /__webpack_hmr HTTP/1.1" 200 - "http://localhost:3000/news-list.html" "Mozilla/5.0 (iPhone; CPU iPhone OS 11_0 like Mac OS X) AppleWebKit/604.1.38 (KHTML, like Gecko) Version/11.0 Mobile/15A372 Safari/604.1"
::1 - - [26/Oct/2018:08:01:27 +0000] "GET /news-list.2d4f2bbf.css?2d4f2bbff1a6890cc9d2 HTTP/1.1" 200 19357 "http://localhost:3000/news-list.html" "Mozilla/5.0 (iPhone; CPU iPhone OS 11_0 like Mac OS X) AppleWebKit/604.1.38 (KHTML, like Gecko) Version/11.0 Mobile/15A372 Safari/604.1"
::1 - - [26/Oct/2018:08:01:27 +0000] "GET /news-list.2d4f2bbff1a6890cc9d2.js?2d4f2bbff1a6890cc9d2 HTTP/1.1" 200 1540265 "http://localhost:3000/news-list.html" "Mozilla/5.0 (iPhone; CPU iPhone OS 11_0 like Mac OS X) AppleWebKit/604.1.38 (KHTML, like Gecko) Version/11.0 Mobile/15A372 Safari/604.1"
::1 - - [26/Oct/2018:08:01:32 +0000] "GET /news-list.html HTTP/1.1" 304 - "http://localhost:3000/news-list.html" "Mozilla/5.0 (iPhone; CPU iPhone OS 11_0 like Mac OS X) AppleWebKit/604.1.38 (KHTML, like Gecko) Version/11.0 Mobile/15A372 Safari/604.1"
::1 - - [26/Oct/2018:08:01:32 +0000] "GET /__webpack_hmr HTTP/1.1" 200 - "http://localhost:3000/news-list.html" "Mozilla/5.0 (iPhone; CPU iPhone OS 11_0 like Mac OS X) AppleWebKit/604.1.38 (KHTML, like Gecko) Version/11.0 Mobile/15A372 Safari/604.1"
::1 - - [26/Oct/2018:08:01:32 +0000] "GET /news-list.2d4f2bbf.css?2d4f2bbff1a6890cc9d2 HTTP/1.1" 304 - "http://localhost:3000/news-list.html" "Mozilla/5.0 (iPhone; CPU iPhone OS 11_0 like Mac OS X) AppleWebKit/604.1.38 (KHTML, like Gecko) Version/11.0 Mobile/15A372 Safari/604.1"
::1 - - [26/Oct/2018:08:01:32 +0000] "GET /news-list.2d4f2bbff1a6890cc9d2.js?2d4f2bbff1a6890cc9d2 HTTP/1.1" 304 - "http://localhost:3000/news-list.html" "Mozilla/5.0 (iPhone; CPU iPhone OS 11_0 like Mac OS X) AppleWebKit/604.1.38 (KHTML, like Gecko) Version/11.0 Mobile/15A372 Safari/604.1"
::1 - - [26/Oct/2018:08:01:34 +0000] "GET /news-list.html HTTP/1.1" 304 - "http://localhost:3000/news-list.html" "Mozilla/5.0 (iPhone; CPU iPhone OS 11_0 like Mac OS X) AppleWebKit/604.1.38 (KHTML, like Gecko) Version/11.0 Mobile/15A372 Safari/604.1"
::1 - - [26/Oct/2018:08:01:34 +0000] "GET /__webpack_hmr HTTP/1.1" 200 - "http://localhost:3000/news-list.html" "Mozilla/5.0 (iPhone; CPU iPhone OS 11_0 like Mac OS X) AppleWebKit/604.1.38 (KHTML, like Gecko) Version/11.0 Mobile/15A372 Safari/604.1"
::1 - - [26/Oct/2018:08:01:34 +0000] "GET /news-list.2d4f2bbf.css?2d4f2bbff1a6890cc9d2 HTTP/1.1" 304 - "http://localhost:3000/news-list.html" "Mozilla/5.0 (iPhone; CPU iPhone OS 11_0 like Mac OS X) AppleWebKit/604.1.38 (KHTML, like Gecko) Version/11.0 Mobile/15A372 Safari/604.1"
::1 - - [26/Oct/2018:08:01:34 +0000] "GET /news-list.2d4f2bbff1a6890cc9d2.js?2d4f2bbff1a6890cc9d2 HTTP/1.1" 304 - "http://localhost:3000/news-list.html" "Mozilla/5.0 (iPhone; CPU iPhone OS 11_0 like Mac OS X) AppleWebKit/604.1.38 (KHTML, like Gecko) Version/11.0 Mobile/15A372 Safari/604.1"
::1 - - [26/Oct/2018:08:01:41 +0000] "GET /news-list.html HTTP/1.1" 304 - "http://localhost:3000/news-list.html" "Mozilla/5.0 (iPhone; CPU iPhone OS 11_0 like Mac OS X) AppleWebKit/604.1.38 (KHTML, like Gecko) Version/11.0 Mobile/15A372 Safari/604.1"
::1 - - [26/Oct/2018:08:01:41 +0000] "GET /__webpack_hmr HTTP/1.1" 200 - "http://localhost:3000/news-list.html" "Mozilla/5.0 (iPhone; CPU iPhone OS 11_0 like Mac OS X) AppleWebKit/604.1.38 (KHTML, like Gecko) Version/11.0 Mobile/15A372 Safari/604.1"
::1 - - [26/Oct/2018:08:01:41 +0000] "GET /news-list.2d4f2bbf.css?2d4f2bbff1a6890cc9d2 HTTP/1.1" 304 - "http://localhost:3000/news-list.html" "Mozilla/5.0 (iPhone; CPU iPhone OS 11_0 like Mac OS X) AppleWebKit/604.1.38 (KHTML, like Gecko) Version/11.0 Mobile/15A372 Safari/604.1"
::1 - - [26/Oct/2018:08:01:41 +0000] "GET /news-list.2d4f2bbff1a6890cc9d2.js?2d4f2bbff1a6890cc9d2 HTTP/1.1" 304 - "http://localhost:3000/news-list.html" "Mozilla/5.0 (iPhone; CPU iPhone OS 11_0 like Mac OS X) AppleWebKit/604.1.38 (KHTML, like Gecko) Version/11.0 Mobile/15A372 Safari/604.1"
::1 - - [26/Oct/2018:08:01:44 +0000] "GET /news-list.html HTTP/1.1" 304 - "http://localhost:3000/news-list.html" "Mozilla/5.0 (iPhone; CPU iPhone OS 11_0 like Mac OS X) AppleWebKit/604.1.38 (KHTML, like Gecko) Version/11.0 Mobile/15A372 Safari/604.1"
::1 - - [26/Oct/2018:08:01:44 +0000] "GET /__webpack_hmr HTTP/1.1" 200 - "http://localhost:3000/news-list.html" "Mozilla/5.0 (iPhone; CPU iPhone OS 11_0 like Mac OS X) AppleWebKit/604.1.38 (KHTML, like Gecko) Version/11.0 Mobile/15A372 Safari/604.1"
::1 - - [26/Oct/2018:08:01:44 +0000] "GET /news-list.2d4f2bbf.css?2d4f2bbff1a6890cc9d2 HTTP/1.1" 304 - "http://localhost:3000/news-list.html" "Mozilla/5.0 (iPhone; CPU iPhone OS 11_0 like Mac OS X) AppleWebKit/604.1.38 (KHTML, like Gecko) Version/11.0 Mobile/15A372 Safari/604.1"
::1 - - [26/Oct/2018:08:01:44 +0000] "GET /news-list.2d4f2bbff1a6890cc9d2.js?2d4f2bbff1a6890cc9d2 HTTP/1.1" 304 - "http://localhost:3000/news-list.html" "Mozilla/5.0 (iPhone; CPU iPhone OS 11_0 like Mac OS X) AppleWebKit/604.1.38 (KHTML, like Gecko) Version/11.0 Mobile/15A372 Safari/604.1"
::1 - - [26/Oct/2018:08:02:14 +0000] "GET /news-list.html HTTP/1.1" 304 - "http://localhost:3000/news-list.html" "Mozilla/5.0 (iPhone; CPU iPhone OS 11_0 like Mac OS X) AppleWebKit/604.1.38 (KHTML, like Gecko) Version/11.0 Mobile/15A372 Safari/604.1"
::1 - - [26/Oct/2018:08:02:14 +0000] "GET /__webpack_hmr HTTP/1.1" 200 - "http://localhost:3000/news-list.html" "Mozilla/5.0 (iPhone; CPU iPhone OS 11_0 like Mac OS X) AppleWebKit/604.1.38 (KHTML, like Gecko) Version/11.0 Mobile/15A372 Safari/604.1"
::1 - - [26/Oct/2018:08:02:14 +0000] "GET /news-list.2d4f2bbf.css?2d4f2bbff1a6890cc9d2 HTTP/1.1" 304 - "http://localhost:3000/news-list.html" "Mozilla/5.0 (iPhone; CPU iPhone OS 11_0 like Mac OS X) AppleWebKit/604.1.38 (KHTML, like Gecko) Version/11.0 Mobile/15A372 Safari/604.1"
::1 - - [26/Oct/2018:08:02:14 +0000] "GET /news-list.2d4f2bbff1a6890cc9d2.js?2d4f2bbff1a6890cc9d2 HTTP/1.1" 304 - "http://localhost:3000/news-list.html" "Mozilla/5.0 (iPhone; CPU iPhone OS 11_0 like Mac OS X) AppleWebKit/604.1.38 (KHTML, like Gecko) Version/11.0 Mobile/15A372 Safari/604.1"
::1 - - [26/Oct/2018:08:02:15 +0000] "GET /news-list.html HTTP/1.1" 304 - "http://localhost:3000/news-list.html" "Mozilla/5.0 (iPhone; CPU iPhone OS 11_0 like Mac OS X) AppleWebKit/604.1.38 (KHTML, like Gecko) Version/11.0 Mobile/15A372 Safari/604.1"
::1 - - [26/Oct/2018:08:02:15 +0000] "GET /__webpack_hmr HTTP/1.1" 200 - "http://localhost:3000/news-list.html" "Mozilla/5.0 (iPhone; CPU iPhone OS 11_0 like Mac OS X) AppleWebKit/604.1.38 (KHTML, like Gecko) Version/11.0 Mobile/15A372 Safari/604.1"
::1 - - [26/Oct/2018:08:02:15 +0000] "GET /news-list.2d4f2bbf.css?2d4f2bbff1a6890cc9d2 HTTP/1.1" 304 - "http://localhost:3000/news-list.html" "Mozilla/5.0 (iPhone; CPU iPhone OS 11_0 like Mac OS X) AppleWebKit/604.1.38 (KHTML, like Gecko) Version/11.0 Mobile/15A372 Safari/604.1"
::1 - - [26/Oct/2018:08:02:15 +0000] "GET /news-list.2d4f2bbff1a6890cc9d2.js?2d4f2bbff1a6890cc9d2 HTTP/1.1" 304 - "http://localhost:3000/news-list.html" "Mozilla/5.0 (iPhone; CPU iPhone OS 11_0 like Mac OS X) AppleWebKit/604.1.38 (KHTML, like Gecko) Version/11.0 Mobile/15A372 Safari/604.1"
::1 - - [26/Oct/2018:08:02:36 +0000] "GET /2d4f2bbff1a6890cc9d2.hot-update.json HTTP/1.1" 200 51 "http://localhost:3000/news-list.html" "Mozilla/5.0 (iPhone; CPU iPhone OS 11_0 like Mac OS X) AppleWebKit/604.1.38 (KHTML, like Gecko) Version/11.0 Mobile/15A372 Safari/604.1"
::1 - - [26/Oct/2018:08:02:36 +0000] "GET /news-list.2d4f2bbff1a6890cc9d2.hot-update.js HTTP/1.1" 200 16383 "http://localhost:3000/news-list.html" "Mozilla/5.0 (iPhone; CPU iPhone OS 11_0 like Mac OS X) AppleWebKit/604.1.38 (KHTML, like Gecko) Version/11.0 Mobile/15A372 Safari/604.1"
::1 - - [26/Oct/2018:08:02:36 +0000] "GET /news-list.html HTTP/1.1" 200 2488 "http://localhost:3000/news-list.html" "Mozilla/5.0 (iPhone; CPU iPhone OS 11_0 like Mac OS X) AppleWebKit/604.1.38 (KHTML, like Gecko) Version/11.0 Mobile/15A372 Safari/604.1"
::1 - - [26/Oct/2018:08:02:36 +0000] "GET /__webpack_hmr HTTP/1.1" 200 - "http://localhost:3000/news-list.html" "Mozilla/5.0 (iPhone; CPU iPhone OS 11_0 like Mac OS X) AppleWebKit/604.1.38 (KHTML, like Gecko) Version/11.0 Mobile/15A372 Safari/604.1"
::1 - - [26/Oct/2018:08:02:36 +0000] "GET /news-list.a37c8909.css?a37c89096634f1d6ae7d HTTP/1.1" 200 19357 "http://localhost:3000/news-list.html" "Mozilla/5.0 (iPhone; CPU iPhone OS 11_0 like Mac OS X) AppleWebKit/604.1.38 (KHTML, like Gecko) Version/11.0 Mobile/15A372 Safari/604.1"
::1 - - [26/Oct/2018:08:02:36 +0000] "GET /news-list.a37c89096634f1d6ae7d.js?a37c89096634f1d6ae7d HTTP/1.1" 200 1540362 "http://localhost:3000/news-list.html" "Mozilla/5.0 (iPhone; CPU iPhone OS 11_0 like Mac OS X) AppleWebKit/604.1.38 (KHTML, like Gecko) Version/11.0 Mobile/15A372 Safari/604.1"
::1 - - [26/Oct/2018:08:04:16 +0000] "GET /a37c89096634f1d6ae7d.hot-update.json HTTP/1.1" 200 51 "http://localhost:3000/news-list.html" "Mozilla/5.0 (iPhone; CPU iPhone OS 11_0 like Mac OS X) AppleWebKit/604.1.38 (KHTML, like Gecko) Version/11.0 Mobile/15A372 Safari/604.1"
::1 - - [26/Oct/2018:08:04:16 +0000] "GET /news-list.a37c89096634f1d6ae7d.hot-update.js HTTP/1.1" 200 16679 "http://localhost:3000/news-list.html" "Mozilla/5.0 (iPhone; CPU iPhone OS 11_0 like Mac OS X) AppleWebKit/604.1.38 (KHTML, like Gecko) Version/11.0 Mobile/15A372 Safari/604.1"
::1 - - [26/Oct/2018:08:04:16 +0000] "GET /news-list.html HTTP/1.1" 200 2488 "http://localhost:3000/news-list.html" "Mozilla/5.0 (iPhone; CPU iPhone OS 11_0 like Mac OS X) AppleWebKit/604.1.38 (KHTML, like Gecko) Version/11.0 Mobile/15A372 Safari/604.1"
::1 - - [26/Oct/2018:08:04:16 +0000] "GET /__webpack_hmr HTTP/1.1" 200 - "http://localhost:3000/news-list.html" "Mozilla/5.0 (iPhone; CPU iPhone OS 11_0 like Mac OS X) AppleWebKit/604.1.38 (KHTML, like Gecko) Version/11.0 Mobile/15A372 Safari/604.1"
::1 - - [26/Oct/2018:08:04:16 +0000] "GET /news-list.76b45d01.css?76b45d01c1d1c32cfa88 HTTP/1.1" 200 19357 "http://localhost:3000/news-list.html" "Mozilla/5.0 (iPhone; CPU iPhone OS 11_0 like Mac OS X) AppleWebKit/604.1.38 (KHTML, like Gecko) Version/11.0 Mobile/15A372 Safari/604.1"
::1 - - [26/Oct/2018:08:04:16 +0000] "GET /news-list.76b45d01c1d1c32cfa88.js?76b45d01c1d1c32cfa88 HTTP/1.1" 200 1540658 "http://localhost:3000/news-list.html" "Mozilla/5.0 (iPhone; CPU iPhone OS 11_0 like Mac OS X) AppleWebKit/604.1.38 (KHTML, like Gecko) Version/11.0 Mobile/15A372 Safari/604.1"
::1 - - [26/Oct/2018:08:04:24 +0000] "GET /index.do HTTP/1.1" 302 46 "http://localhost:3000/news-list.html" "Mozilla/5.0 (iPhone; CPU iPhone OS 11_0 like Mac OS X) AppleWebKit/604.1.38 (KHTML, like Gecko) Version/11.0 Mobile/15A372 Safari/604.1"
::1 - - [26/Oct/2018:08:04:24 +0000] "GET / HTTP/1.1" 200 43705 "http://localhost:3000/news-list.html" "Mozilla/5.0 (iPhone; CPU iPhone OS 11_0 like Mac OS X) AppleWebKit/604.1.38 (KHTML, like Gecko) Version/11.0 Mobile/15A372 Safari/604.1"
::1 - - [26/Oct/2018:08:04:24 +0000] "GET /__webpack_hmr HTTP/1.1" 200 - "http://localhost:3000/news-list.html" "Mozilla/5.0 (iPhone; CPU iPhone OS 11_0 like Mac OS X) AppleWebKit/604.1.38 (KHTML, like Gecko) Version/11.0 Mobile/15A372 Safari/604.1"
::1 - - [26/Oct/2018:08:04:24 +0000] "GET /index.76b45d01.css?76b45d01c1d1c32cfa88 HTTP/1.1" 200 29100 "http://localhost:3000/" "Mozilla/5.0 (iPhone; CPU iPhone OS 11_0 like Mac OS X) AppleWebKit/604.1.38 (KHTML, like Gecko) Version/11.0 Mobile/15A372 Safari/604.1"
::1 - - [26/Oct/2018:08:04:24 +0000] "GET /index.76b45d01c1d1c32cfa88.js?76b45d01c1d1c32cfa88 HTTP/1.1" 200 1534004 "http://localhost:3000/" "Mozilla/5.0 (iPhone; CPU iPhone OS 11_0 like Mac OS X) AppleWebKit/604.1.38 (KHTML, like Gecko) Version/11.0 Mobile/15A372 Safari/604.1"
::1 - - [26/Oct/2018:08:04:38 +0000] "GET /news-list.html HTTP/1.1" 304 - "http://localhost:3000/" "Mozilla/5.0 (iPhone; CPU iPhone OS 11_0 like Mac OS X) AppleWebKit/604.1.38 (KHTML, like Gecko) Version/11.0 Mobile/15A372 Safari/604.1"
::1 - - [26/Oct/2018:08:04:38 +0000] "GET /__webpack_hmr HTTP/1.1" 200 - "http://localhost:3000/" "Mozilla/5.0 (iPhone; CPU iPhone OS 11_0 like Mac OS X) AppleWebKit/604.1.38 (KHTML, like Gecko) Version/11.0 Mobile/15A372 Safari/604.1"
::1 - - [26/Oct/2018:08:04:38 +0000] "GET /news-list.76b45d01.css?76b45d01c1d1c32cfa88 HTTP/1.1" 304 - "http://localhost:3000/news-list.html" "Mozilla/5.0 (iPhone; CPU iPhone OS 11_0 like Mac OS X) AppleWebKit/604.1.38 (KHTML, like Gecko) Version/11.0 Mobile/15A372 Safari/604.1"
::1 - - [26/Oct/2018:08:04:38 +0000] "GET /news-list.76b45d01c1d1c32cfa88.js?76b45d01c1d1c32cfa88 HTTP/1.1" 304 - "http://localhost:3000/news-list.html" "Mozilla/5.0 (iPhone; CPU iPhone OS 11_0 like Mac OS X) AppleWebKit/604.1.38 (KHTML, like Gecko) Version/11.0 Mobile/15A372 Safari/604.1"
::1 - - [26/Oct/2018:08:07:07 +0000] "GET /index.do HTTP/1.1" 302 46 "http://localhost:3000/news-list.html" "Mozilla/5.0 (iPhone; CPU iPhone OS 11_0 like Mac OS X) AppleWebKit/604.1.38 (KHTML, like Gecko) Version/11.0 Mobile/15A372 Safari/604.1"
::1 - - [26/Oct/2018:08:07:07 +0000] "GET /76b45d01c1d1c32cfa88.hot-update.json HTTP/1.1" 200 51 "http://localhost:3000/news-list.html" "Mozilla/5.0 (iPhone; CPU iPhone OS 11_0 like Mac OS X) AppleWebKit/604.1.38 (KHTML, like Gecko) Version/11.0 Mobile/15A372 Safari/604.1"
::1 - - [26/Oct/2018:08:07:07 +0000] "GET /news-list.76b45d01c1d1c32cfa88.hot-update.js HTTP/1.1" 200 16677 "http://localhost:3000/news-list.html" "Mozilla/5.0 (iPhone; CPU iPhone OS 11_0 like Mac OS X) AppleWebKit/604.1.38 (KHTML, like Gecko) Version/11.0 Mobile/15A372 Safari/604.1"
::1 - - [26/Oct/2018:08:07:07 +0000] "GET / HTTP/1.1" 200 43705 "http://localhost:3000/news-list.html" "Mozilla/5.0 (iPhone; CPU iPhone OS 11_0 like Mac OS X) AppleWebKit/604.1.38 (KHTML, like Gecko) Version/11.0 Mobile/15A372 Safari/604.1"
::1 - - [26/Oct/2018:08:07:07 +0000] "GET /news-list.html HTTP/1.1" 200 2488 "http://localhost:3000/news-list.html" "Mozilla/5.0 (iPhone; CPU iPhone OS 11_0 like Mac OS X) AppleWebKit/604.1.38 (KHTML, like Gecko) Version/11.0 Mobile/15A372 Safari/604.1"
::1 - - [26/Oct/2018:08:07:07 +0000] "GET /__webpack_hmr HTTP/1.1" 200 - "http://localhost:3000/news-list.html" "Mozilla/5.0 (iPhone; CPU iPhone OS 11_0 like Mac OS X) AppleWebKit/604.1.38 (KHTML, like Gecko) Version/11.0 Mobile/15A372 Safari/604.1"
::1 - - [26/Oct/2018:08:07:07 +0000] "GET /news-list.02289e29.css?02289e29f04737b617ea HTTP/1.1" 200 19357 "http://localhost:3000/news-list.html" "Mozilla/5.0 (iPhone; CPU iPhone OS 11_0 like Mac OS X) AppleWebKit/604.1.38 (KHTML, like Gecko) Version/11.0 Mobile/15A372 Safari/604.1"
::1 - - [26/Oct/2018:08:07:07 +0000] "GET /news-list.02289e29f04737b617ea.js?02289e29f04737b617ea HTTP/1.1" 200 1540656 "http://localhost:3000/news-list.html" "Mozilla/5.0 (iPhone; CPU iPhone OS 11_0 like Mac OS X) AppleWebKit/604.1.38 (KHTML, like Gecko) Version/11.0 Mobile/15A372 Safari/604.1"
::1 - - [26/Oct/2018:08:07:08 +0000] "GET /index.do HTTP/1.1" 302 46 "http://localhost:3000/news-list.html" "Mozilla/5.0 (iPhone; CPU iPhone OS 11_0 like Mac OS X) AppleWebKit/604.1.38 (KHTML, like Gecko) Version/11.0 Mobile/15A372 Safari/604.1"
::1 - - [26/Oct/2018:08:07:08 +0000] "GET / HTTP/1.1" 304 - "http://localhost:3000/news-list.html" "Mozilla/5.0 (iPhone; CPU iPhone OS 11_0 like Mac OS X) AppleWebKit/604.1.38 (KHTML, like Gecko) Version/11.0 Mobile/15A372 Safari/604.1"
::1 - - [26/Oct/2018:08:07:08 +0000] "GET /__webpack_hmr HTTP/1.1" 200 - "http://localhost:3000/news-list.html" "Mozilla/5.0 (iPhone; CPU iPhone OS 11_0 like Mac OS X) AppleWebKit/604.1.38 (KHTML, like Gecko) Version/11.0 Mobile/15A372 Safari/604.1"
::1 - - [26/Oct/2018:08:07:08 +0000] "GET /index.02289e29.css?02289e29f04737b617ea HTTP/1.1" 200 29100 "http://localhost:3000/" "Mozilla/5.0 (iPhone; CPU iPhone OS 11_0 like Mac OS X) AppleWebKit/604.1.38 (KHTML, like Gecko) Version/11.0 Mobile/15A372 Safari/604.1"
::1 - - [26/Oct/2018:08:07:08 +0000] "GET /index.02289e29f04737b617ea.js?02289e29f04737b617ea HTTP/1.1" 200 1534004 "http://localhost:3000/" "Mozilla/5.0 (iPhone; CPU iPhone OS 11_0 like Mac OS X) AppleWebKit/604.1.38 (KHTML, like Gecko) Version/11.0 Mobile/15A372 Safari/604.1"
::1 - - [26/Oct/2018:08:07:13 +0000] "GET /news-list.html HTTP/1.1" 304 - "http://localhost:3000/" "Mozilla/5.0 (iPhone; CPU iPhone OS 11_0 like Mac OS X) AppleWebKit/604.1.38 (KHTML, like Gecko) Version/11.0 Mobile/15A372 Safari/604.1"
::1 - - [26/Oct/2018:08:07:13 +0000] "GET /__webpack_hmr HTTP/1.1" 200 - "http://localhost:3000/" "Mozilla/5.0 (iPhone; CPU iPhone OS 11_0 like Mac OS X) AppleWebKit/604.1.38 (KHTML, like Gecko) Version/11.0 Mobile/15A372 Safari/604.1"
::1 - - [26/Oct/2018:08:07:13 +0000] "GET /news-list.02289e29.css?02289e29f04737b617ea HTTP/1.1" 304 - "http://localhost:3000/news-list.html" "Mozilla/5.0 (iPhone; CPU iPhone OS 11_0 like Mac OS X) AppleWebKit/604.1.38 (KHTML, like Gecko) Version/11.0 Mobile/15A372 Safari/604.1"
::1 - - [26/Oct/2018:08:07:13 +0000] "GET /news-list.02289e29f04737b617ea.js?02289e29f04737b617ea HTTP/1.1" 304 - "http://localhost:3000/news-list.html" "Mozilla/5.0 (iPhone; CPU iPhone OS 11_0 like Mac OS X) AppleWebKit/604.1.38 (KHTML, like Gecko) Version/11.0 Mobile/15A372 Safari/604.1"
::1 - - [26/Oct/2018:08:08:01 +0000] "GET /news-list.html HTTP/1.1" 304 - "http://localhost:3000/" "Mozilla/5.0 (iPhone; CPU iPhone OS 11_0 like Mac OS X) AppleWebKit/604.1.38 (KHTML, like Gecko) Version/11.0 Mobile/15A372 Safari/604.1"
::1 - - [26/Oct/2018:08:08:01 +0000] "GET /__webpack_hmr HTTP/1.1" 200 - "http://localhost:3000/news-list.html" "Mozilla/5.0 (iPhone; CPU iPhone OS 11_0 like Mac OS X) AppleWebKit/604.1.38 (KHTML, like Gecko) Version/11.0 Mobile/15A372 Safari/604.1"
::1 - - [26/Oct/2018:08:08:01 +0000] "GET /news-list.02289e29.css?02289e29f04737b617ea HTTP/1.1" 304 - "http://localhost:3000/news-list.html" "Mozilla/5.0 (iPhone; CPU iPhone OS 11_0 like Mac OS X) AppleWebKit/604.1.38 (KHTML, like Gecko) Version/11.0 Mobile/15A372 Safari/604.1"
::1 - - [26/Oct/2018:08:08:01 +0000] "GET /news-list.02289e29f04737b617ea.js?02289e29f04737b617ea HTTP/1.1" 304 - "http://localhost:3000/news-list.html" "Mozilla/5.0 (iPhone; CPU iPhone OS 11_0 like Mac OS X) AppleWebKit/604.1.38 (KHTML, like Gecko) Version/11.0 Mobile/15A372 Safari/604.1"
::1 - - [26/Oct/2018:08:08:59 +0000] "GET /02289e29f04737b617ea.hot-update.json HTTP/1.1" 200 51 "http://localhost:3000/news-list.html" "Mozilla/5.0 (iPhone; CPU iPhone OS 11_0 like Mac OS X) AppleWebKit/604.1.38 (KHTML, like Gecko) Version/11.0 Mobile/15A372 Safari/604.1"
::1 - - [26/Oct/2018:08:08:59 +0000] "GET /news-list.02289e29f04737b617ea.hot-update.js HTTP/1.1" 200 16513 "http://localhost:3000/news-list.html" "Mozilla/5.0 (iPhone; CPU iPhone OS 11_0 like Mac OS X) AppleWebKit/604.1.38 (KHTML, like Gecko) Version/11.0 Mobile/15A372 Safari/604.1"
::1 - - [26/Oct/2018:08:08:59 +0000] "GET /news-list.html HTTP/1.1" 200 2488 "http://localhost:3000/news-list.html" "Mozilla/5.0 (iPhone; CPU iPhone OS 11_0 like Mac OS X) AppleWebKit/604.1.38 (KHTML, like Gecko) Version/11.0 Mobile/15A372 Safari/604.1"
::1 - - [26/Oct/2018:08:08:59 +0000] "GET /__webpack_hmr HTTP/1.1" 200 - "http://localhost:3000/news-list.html" "Mozilla/5.0 (iPhone; CPU iPhone OS 11_0 like Mac OS X) AppleWebKit/604.1.38 (KHTML, like Gecko) Version/11.0 Mobile/15A372 Safari/604.1"
::1 - - [26/Oct/2018:08:08:59 +0000] "GET /news-list.7a4935f8.css?7a4935f8bbfa96313ca1 HTTP/1.1" 200 19357 "http://localhost:3000/news-list.html" "Mozilla/5.0 (iPhone; CPU iPhone OS 11_0 like Mac OS X) AppleWebKit/604.1.38 (KHTML, like Gecko) Version/11.0 Mobile/15A372 Safari/604.1"
::1 - - [26/Oct/2018:08:08:59 +0000] "GET /news-list.7a4935f8bbfa96313ca1.js?7a4935f8bbfa96313ca1 HTTP/1.1" 200 1540492 "http://localhost:3000/news-list.html" "Mozilla/5.0 (iPhone; CPU iPhone OS 11_0 like Mac OS X) AppleWebKit/604.1.38 (KHTML, like Gecko) Version/11.0 Mobile/15A372 Safari/604.1"
::1 - - [26/Oct/2018:08:08:59 +0000] "GET /undefined/admin/rest/news/page?callback=jQuery33105662108135554269_1540541339541&pageSize=10&currentPage=1&_=1540541339542 HTTP/1.1" 404 169 "http://localhost:3000/news-list.html" "Mozilla/5.0 (iPhone; CPU iPhone OS 11_0 like Mac OS X) AppleWebKit/604.1.38 (KHTML, like Gecko) Version/11.0 Mobile/15A372 Safari/604.1"
::1 - - [26/Oct/2018:08:09:06 +0000] "GET /7a4935f8bbfa96313ca1.hot-update.json HTTP/1.1" 200 51 "http://localhost:3000/news-list.html" "Mozilla/5.0 (iPhone; CPU iPhone OS 11_0 like Mac OS X) AppleWebKit/604.1.38 (KHTML, like Gecko) Version/11.0 Mobile/15A372 Safari/604.1"
::1 - - [26/Oct/2018:08:09:06 +0000] "GET /news-list.7a4935f8bbfa96313ca1.hot-update.js HTTP/1.1" 200 16505 "http://localhost:3000/news-list.html" "Mozilla/5.0 (iPhone; CPU iPhone OS 11_0 like Mac OS X) AppleWebKit/604.1.38 (KHTML, like Gecko) Version/11.0 Mobile/15A372 Safari/604.1"
::1 - - [26/Oct/2018:08:09:06 +0000] "GET /news-list.html HTTP/1.1" 200 2488 "http://localhost:3000/news-list.html" "Mozilla/5.0 (iPhone; CPU iPhone OS 11_0 like Mac OS X) AppleWebKit/604.1.38 (KHTML, like Gecko) Version/11.0 Mobile/15A372 Safari/604.1"
::1 - - [26/Oct/2018:08:09:06 +0000] "GET /__webpack_hmr HTTP/1.1" 200 - "http://localhost:3000/news-list.html" "Mozilla/5.0 (iPhone; CPU iPhone OS 11_0 like Mac OS X) AppleWebKit/604.1.38 (KHTML, like Gecko) Version/11.0 Mobile/15A372 Safari/604.1"
::1 - - [26/Oct/2018:08:09:06 +0000] "GET /news-list.99cdd4ca.css?99cdd4ca381f60494ea4 HTTP/1.1" 200 19357 "http://localhost:3000/news-list.html" "Mozilla/5.0 (iPhone; CPU iPhone OS 11_0 like Mac OS X) AppleWebKit/604.1.38 (KHTML, like Gecko) Version/11.0 Mobile/15A372 Safari/604.1"
::1 - - [26/Oct/2018:08:09:06 +0000] "GET /news-list.99cdd4ca381f60494ea4.js?99cdd4ca381f60494ea4 HTTP/1.1" 200 1540484 "http://localhost:3000/news-list.html" "Mozilla/5.0 (iPhone; CPU iPhone OS 11_0 like Mac OS X) AppleWebKit/604.1.38 (KHTML, like Gecko) Version/11.0 Mobile/15A372 Safari/604.1"
::1 - - [26/Oct/2018:08:19:58 +0000] "GET /news-list.html HTTP/1.1" 304 - "http://localhost:3000/news-list.html" "Mozilla/5.0 (iPhone; CPU iPhone OS 11_0 like Mac OS X) AppleWebKit/604.1.38 (KHTML, like Gecko) Version/11.0 Mobile/15A372 Safari/604.1"
::1 - - [26/Oct/2018:08:19:58 +0000] "GET /__webpack_hmr HTTP/1.1" 200 - "http://localhost:3000/news-list.html" "Mozilla/5.0 (iPhone; CPU iPhone OS 11_0 like Mac OS X) AppleWebKit/604.1.38 (KHTML, like Gecko) Version/11.0 Mobile/15A372 Safari/604.1"
::1 - - [26/Oct/2018:08:19:58 +0000] "GET /news-list.99cdd4ca381f60494ea4.js?99cdd4ca381f60494ea4 HTTP/1.1" 304 - "http://localhost:3000/news-list.html" "Mozilla/5.0 (iPhone; CPU iPhone OS 11_0 like Mac OS X) AppleWebKit/604.1.38 (KHTML, like Gecko) Version/11.0 Mobile/15A372 Safari/604.1"
::1 - - [26/Oct/2018:08:19:58 +0000] "GET /news-list.99cdd4ca.css?99cdd4ca381f60494ea4 HTTP/1.1" 304 - "http://localhost:3000/news-list.html" "Mozilla/5.0 (iPhone; CPU iPhone OS 11_0 like Mac OS X) AppleWebKit/604.1.38 (KHTML, like Gecko) Version/11.0 Mobile/15A372 Safari/604.1"
::1 - - [26/Oct/2018:08:22:04 +0000] "GET / HTTP/1.1" 200 43705 "-" "Mozilla/5.0 (iPhone; CPU iPhone OS 11_0 like Mac OS X) AppleWebKit/604.1.38 (KHTML, like Gecko) Version/11.0 Mobile/15A372 Safari/604.1"
::1 - - [26/Oct/2018:08:22:04 +0000] "GET /__webpack_hmr HTTP/1.1" 200 - "http://localhost:3000/news-list.html" "Mozilla/5.0 (iPhone; CPU iPhone OS 11_0 like Mac OS X) AppleWebKit/604.1.38 (KHTML, like Gecko) Version/11.0 Mobile/15A372 Safari/604.1"
::1 - - [26/Oct/2018:08:22:04 +0000] "GET /index.99cdd4ca.css?99cdd4ca381f60494ea4 HTTP/1.1" 200 29100 "http://localhost:3000/" "Mozilla/5.0 (iPhone; CPU iPhone OS 11_0 like Mac OS X) AppleWebKit/604.1.38 (KHTML, like Gecko) Version/11.0 Mobile/15A372 Safari/604.1"
::1 - - [26/Oct/2018:08:22:04 +0000] "GET /index.99cdd4ca381f60494ea4.js?99cdd4ca381f60494ea4 HTTP/1.1" 200 1534004 "http://localhost:3000/" "Mozilla/5.0 (iPhone; CPU iPhone OS 11_0 like Mac OS X) AppleWebKit/604.1.38 (KHTML, like Gecko) Version/11.0 Mobile/15A372 Safari/604.1"
::1 - - [26/Oct/2018:08:22:13 +0000] "GET /index HTTP/1.1" 302 46 "-" "Mozilla/5.0 (iPhone; CPU iPhone OS 11_0 like Mac OS X) AppleWebKit/604.1.38 (KHTML, like Gecko) Version/11.0 Mobile/15A372 Safari/604.1"
::1 - - [26/Oct/2018:08:22:13 +0000] "GET / HTTP/1.1" 304 - "-" "Mozilla/5.0 (iPhone; CPU iPhone OS 11_0 like Mac OS X) AppleWebKit/604.1.38 (KHTML, like Gecko) Version/11.0 Mobile/15A372 Safari/604.1"
::1 - - [26/Oct/2018:08:22:13 +0000] "GET /__webpack_hmr HTTP/1.1" 200 - "http://localhost:3000/" "Mozilla/5.0 (iPhone; CPU iPhone OS 11_0 like Mac OS X) AppleWebKit/604.1.38 (KHTML, like Gecko) Version/11.0 Mobile/15A372 Safari/604.1"
::1 - - [26/Oct/2018:08:22:13 +0000] "GET /index.99cdd4ca.css?99cdd4ca381f60494ea4 HTTP/1.1" 304 - "http://localhost:3000/" "Mozilla/5.0 (iPhone; CPU iPhone OS 11_0 like Mac OS X) AppleWebKit/604.1.38 (KHTML, like Gecko) Version/11.0 Mobile/15A372 Safari/604.1"
::1 - - [26/Oct/2018:08:22:13 +0000] "GET /index.99cdd4ca381f60494ea4.js?99cdd4ca381f60494ea4 HTTP/1.1" 304 - "http://localhost:3000/" "Mozilla/5.0 (iPhone; CPU iPhone OS 11_0 like Mac OS X) AppleWebKit/604.1.38 (KHTML, like Gecko) Version/11.0 Mobile/15A372 Safari/604.1"
::1 - - [26/Oct/2018:08:22:21 +0000] "GET /index.html HTTP/1.1" 302 46 "-" "Mozilla/5.0 (iPhone; CPU iPhone OS 11_0 like Mac OS X) AppleWebKit/604.1.38 (KHTML, like Gecko) Version/11.0 Mobile/15A372 Safari/604.1"
::1 - - [26/Oct/2018:08:22:21 +0000] "GET / HTTP/1.1" 304 - "-" "Mozilla/5.0 (iPhone; CPU iPhone OS 11_0 like Mac OS X) AppleWebKit/604.1.38 (KHTML, like Gecko) Version/11.0 Mobile/15A372 Safari/604.1"
::1 - - [26/Oct/2018:08:22:21 +0000] "GET /__webpack_hmr HTTP/1.1" 200 - "http://localhost:3000/" "Mozilla/5.0 (iPhone; CPU iPhone OS 11_0 like Mac OS X) AppleWebKit/604.1.38 (KHTML, like Gecko) Version/11.0 Mobile/15A372 Safari/604.1"
::1 - - [26/Oct/2018:08:22:21 +0000] "GET /index.99cdd4ca.css?99cdd4ca381f60494ea4 HTTP/1.1" 304 - "http://localhost:3000/" "Mozilla/5.0 (iPhone; CPU iPhone OS 11_0 like Mac OS X) AppleWebKit/604.1.38 (KHTML, like Gecko) Version/11.0 Mobile/15A372 Safari/604.1"
::1 - - [26/Oct/2018:08:22:21 +0000] "GET /index.99cdd4ca381f60494ea4.js?99cdd4ca381f60494ea4 HTTP/1.1" 304 - "http://localhost:3000/" "Mozilla/5.0 (iPhone; CPU iPhone OS 11_0 like Mac OS X) AppleWebKit/604.1.38 (KHTML, like Gecko) Version/11.0 Mobile/15A372 Safari/604.1"
::1 - - [26/Oct/2018:08:22:29 +0000] "GET / HTTP/1.1" 500 1008 "-" "Mozilla/5.0 (Windows NT 10.0; Win64; x64) AppleWebKit/537.36 (KHTML, like Gecko) Chrome/70.0.3538.77 Safari/537.36"
::1 - - [26/Oct/2018:08:22:34 +0000] "GET /index HTTP/1.1" 302 46 "-" "Mozilla/5.0 (Windows NT 10.0; Win64; x64) AppleWebKit/537.36 (KHTML, like Gecko) Chrome/70.0.3538.77 Safari/537.36"
::1 - - [26/Oct/2018:08:22:45 +0000] "GET /index HTTP/1.1" 302 46 "-" "Mozilla/5.0 (iPhone; CPU iPhone OS 11_0 like Mac OS X) AppleWebKit/604.1.38 (KHTML, like Gecko) Version/11.0 Mobile/15A372 Safari/604.1"
::1 - - [26/Oct/2018:08:22:46 +0000] "GET / HTTP/1.1" 200 43705 "-" "Mozilla/5.0 (iPhone; CPU iPhone OS 11_0 like Mac OS X) AppleWebKit/604.1.38 (KHTML, like Gecko) Version/11.0 Mobile/15A372 Safari/604.1"
::1 - - [26/Oct/2018:08:22:46 +0000] "GET /index.99cdd4ca.css?99cdd4ca381f60494ea4 HTTP/1.1" 304 - "http://localhost:3000/" "Mozilla/5.0 (iPhone; CPU iPhone OS 11_0 like Mac OS X) AppleWebKit/604.1.38 (KHTML, like Gecko) Version/11.0 Mobile/15A372 Safari/604.1"
::1 - - [26/Oct/2018:08:22:46 +0000] "GET /index.99cdd4ca381f60494ea4.js?99cdd4ca381f60494ea4 HTTP/1.1" 304 - "http://localhost:3000/" "Mozilla/5.0 (iPhone; CPU iPhone OS 11_0 like Mac OS X) AppleWebKit/604.1.38 (KHTML, like Gecko) Version/11.0 Mobile/15A372 Safari/604.1"
::1 - - [26/Oct/2018:08:24:05 +0000] "GET / HTTP/1.1" 304 - "-" "Mozilla/5.0 (iPhone; CPU iPhone OS 11_0 like Mac OS X) AppleWebKit/604.1.38 (KHTML, like Gecko) Version/11.0 Mobile/15A372 Safari/604.1"
::1 - - [26/Oct/2018:08:24:06 +0000] "GET /__webpack_hmr HTTP/1.1" 200 - "http://localhost:3000/" "Mozilla/5.0 (iPhone; CPU iPhone OS 11_0 like Mac OS X) AppleWebKit/604.1.38 (KHTML, like Gecko) Version/11.0 Mobile/15A372 Safari/604.1"
::1 - - [26/Oct/2018:08:24:06 +0000] "GET /index.99cdd4ca.css?99cdd4ca381f60494ea4 HTTP/1.1" 304 - "http://localhost:3000/" "Mozilla/5.0 (iPhone; CPU iPhone OS 11_0 like Mac OS X) AppleWebKit/604.1.38 (KHTML, like Gecko) Version/11.0 Mobile/15A372 Safari/604.1"
::1 - - [26/Oct/2018:08:24:06 +0000] "GET /index.99cdd4ca381f60494ea4.js?99cdd4ca381f60494ea4 HTTP/1.1" 304 - "http://localhost:3000/" "Mozilla/5.0 (iPhone; CPU iPhone OS 11_0 like Mac OS X) AppleWebKit/604.1.38 (KHTML, like Gecko) Version/11.0 Mobile/15A372 Safari/604.1"
::1 - - [26/Oct/2018:08:27:26 +0000] "GET / HTTP/1.1" 304 - "-" "Mozilla/5.0 (iPhone; CPU iPhone OS 11_0 like Mac OS X) AppleWebKit/604.1.38 (KHTML, like Gecko) Version/11.0 Mobile/15A372 Safari/604.1"
::1 - - [26/Oct/2018:08:27:26 +0000] "GET /__webpack_hmr HTTP/1.1" 200 - "http://localhost:3000/" "Mozilla/5.0 (iPhone; CPU iPhone OS 11_0 like Mac OS X) AppleWebKit/604.1.38 (KHTML, like Gecko) Version/11.0 Mobile/15A372 Safari/604.1"
::1 - - [26/Oct/2018:08:27:26 +0000] "GET /index.99cdd4ca.css?99cdd4ca381f60494ea4 HTTP/1.1" 304 - "http://localhost:3000/" "Mozilla/5.0 (iPhone; CPU iPhone OS 11_0 like Mac OS X) AppleWebKit/604.1.38 (KHTML, like Gecko) Version/11.0 Mobile/15A372 Safari/604.1"
::1 - - [26/Oct/2018:08:27:26 +0000] "GET /index.99cdd4ca381f60494ea4.js?99cdd4ca381f60494ea4 HTTP/1.1" 304 - "http://localhost:3000/" "Mozilla/5.0 (iPhone; CPU iPhone OS 11_0 like Mac OS X) AppleWebKit/604.1.38 (KHTML, like Gecko) Version/11.0 Mobile/15A372 Safari/604.1"
::1 - - [26/Oct/2018:08:27:29 +0000] "GET /news-list.html HTTP/1.1" 304 - "http://localhost:3000/" "Mozilla/5.0 (iPhone; CPU iPhone OS 11_0 like Mac OS X) AppleWebKit/604.1.38 (KHTML, like Gecko) Version/11.0 Mobile/15A372 Safari/604.1"
::1 - - [26/Oct/2018:08:27:29 +0000] "GET /__webpack_hmr HTTP/1.1" 200 - "http://localhost:3000/" "Mozilla/5.0 (iPhone; CPU iPhone OS 11_0 like Mac OS X) AppleWebKit/604.1.38 (KHTML, like Gecko) Version/11.0 Mobile/15A372 Safari/604.1"
::1 - - [26/Oct/2018:08:27:29 +0000] "GET /news-list.99cdd4ca.css?99cdd4ca381f60494ea4 HTTP/1.1" 304 - "http://localhost:3000/news-list.html" "Mozilla/5.0 (iPhone; CPU iPhone OS 11_0 like Mac OS X) AppleWebKit/604.1.38 (KHTML, like Gecko) Version/11.0 Mobile/15A372 Safari/604.1"
::1 - - [26/Oct/2018:08:27:29 +0000] "GET /news-list.99cdd4ca381f60494ea4.js?99cdd4ca381f60494ea4 HTTP/1.1" 304 - "http://localhost:3000/news-list.html" "Mozilla/5.0 (iPhone; CPU iPhone OS 11_0 like Mac OS X) AppleWebKit/604.1.38 (KHTML, like Gecko) Version/11.0 Mobile/15A372 Safari/604.1"
::1 - - [26/Oct/2018:08:43:23 +0000] "GET /news-list.html HTTP/1.1" 304 - "http://localhost:3000/" "Mozilla/5.0 (iPhone; CPU iPhone OS 11_0 like Mac OS X) AppleWebKit/604.1.38 (KHTML, like Gecko) Version/11.0 Mobile/15A372 Safari/604.1"
::1 - - [26/Oct/2018:08:43:23 +0000] "GET /__webpack_hmr HTTP/1.1" 200 - "http://localhost:3000/" "Mozilla/5.0 (iPhone; CPU iPhone OS 11_0 like Mac OS X) AppleWebKit/604.1.38 (KHTML, like Gecko) Version/11.0 Mobile/15A372 Safari/604.1"
::1 - - [26/Oct/2018:08:43:23 +0000] "GET /news-list.99cdd4ca.css?99cdd4ca381f60494ea4 HTTP/1.1" 304 - "http://localhost:3000/news-list.html" "Mozilla/5.0 (iPhone; CPU iPhone OS 11_0 like Mac OS X) AppleWebKit/604.1.38 (KHTML, like Gecko) Version/11.0 Mobile/15A372 Safari/604.1"
::1 - - [26/Oct/2018:08:43:23 +0000] "GET /news-list.99cdd4ca381f60494ea4.js?99cdd4ca381f60494ea4 HTTP/1.1" 304 - "http://localhost:3000/news-list.html" "Mozilla/5.0 (iPhone; CPU iPhone OS 11_0 like Mac OS X) AppleWebKit/604.1.38 (KHTML, like Gecko) Version/11.0 Mobile/15A372 Safari/604.1"
::1 - - [26/Oct/2018:08:51:24 +0000] "GET /news-list.html HTTP/1.1" 304 - "http://localhost:3000/" "Mozilla/5.0 (iPhone; CPU iPhone OS 11_0 like Mac OS X) AppleWebKit/604.1.38 (KHTML, like Gecko) Version/11.0 Mobile/15A372 Safari/604.1"
::1 - - [26/Oct/2018:08:51:24 +0000] "GET /__webpack_hmr HTTP/1.1" 200 - "http://localhost:3000/news-list.html" "Mozilla/5.0 (iPhone; CPU iPhone OS 11_0 like Mac OS X) AppleWebKit/604.1.38 (KHTML, like Gecko) Version/11.0 Mobile/15A372 Safari/604.1"
::1 - - [26/Oct/2018:08:51:24 +0000] "GET /news-list.99cdd4ca.css?99cdd4ca381f60494ea4 HTTP/1.1" 304 - "http://localhost:3000/news-list.html" "Mozilla/5.0 (iPhone; CPU iPhone OS 11_0 like Mac OS X) AppleWebKit/604.1.38 (KHTML, like Gecko) Version/11.0 Mobile/15A372 Safari/604.1"
::1 - - [26/Oct/2018:08:51:24 +0000] "GET /news-list.99cdd4ca381f60494ea4.js?99cdd4ca381f60494ea4 HTTP/1.1" 304 - "http://localhost:3000/news-list.html" "Mozilla/5.0 (iPhone; CPU iPhone OS 11_0 like Mac OS X) AppleWebKit/604.1.38 (KHTML, like Gecko) Version/11.0 Mobile/15A372 Safari/604.1"
::1 - - [26/Oct/2018:08:56:29 +0000] "GET /99cdd4ca381f60494ea4.hot-update.json HTTP/1.1" 200 35 "http://localhost:3000/news-list.html" "Mozilla/5.0 (iPhone; CPU iPhone OS 11_0 like Mac OS X) AppleWebKit/604.1.38 (KHTML, like Gecko) Version/11.0 Mobile/15A372 Safari/604.1"
::1 - - [26/Oct/2018:08:56:29 +0000] "GET /99cdd4ca381f60494ea4.hot-update.json HTTP/1.1" 304 - "http://localhost:3000/news-list.html" "Mozilla/5.0 (iPhone; CPU iPhone OS 11_0 like Mac OS X) AppleWebKit/604.1.38 (KHTML, like Gecko) Version/11.0 Mobile/15A372 Safari/604.1"
::1 - - [26/Oct/2018:09:06:02 +0000] "GET /news-list.html HTTP/1.1" 200 2488 "http://localhost:3000/" "Mozilla/5.0 (iPhone; CPU iPhone OS 11_0 like Mac OS X) AppleWebKit/604.1.38 (KHTML, like Gecko) Version/11.0 Mobile/15A372 Safari/604.1"
::1 - - [26/Oct/2018:09:06:02 +0000] "GET /__webpack_hmr HTTP/1.1" 200 - "http://localhost:3000/news-list.html" "Mozilla/5.0 (iPhone; CPU iPhone OS 11_0 like Mac OS X) AppleWebKit/604.1.38 (KHTML, like Gecko) Version/11.0 Mobile/15A372 Safari/604.1"
::1 - - [26/Oct/2018:09:06:02 +0000] "GET /news-list.20f017a9.css?20f017a9fa6a9499d57c HTTP/1.1" 200 19357 "http://localhost:3000/news-list.html" "Mozilla/5.0 (iPhone; CPU iPhone OS 11_0 like Mac OS X) AppleWebKit/604.1.38 (KHTML, like Gecko) Version/11.0 Mobile/15A372 Safari/604.1"
::1 - - [26/Oct/2018:09:06:02 +0000] "GET /news-list.20f017a9fa6a9499d57c.js?20f017a9fa6a9499d57c HTTP/1.1" 200 1540484 "http://localhost:3000/news-list.html" "Mozilla/5.0 (iPhone; CPU iPhone OS 11_0 like Mac OS X) AppleWebKit/604.1.38 (KHTML, like Gecko) Version/11.0 Mobile/15A372 Safari/604.1"
::1 - - [26/Oct/2018:09:37:10 +0000] "GET /__webpack_hmr HTTP/1.1" 200 - "http://localhost:3000/news-list.html" "Mozilla/5.0 (iPhone; CPU iPhone OS 11_0 like Mac OS X) AppleWebKit/604.1.38 (KHTML, like Gecko) Version/11.0 Mobile/15A372 Safari/604.1"
::1 - - [26/Oct/2018:09:37:10 +0000] "GET /__webpack_hmr HTTP/1.1" 200 - "http://localhost:3000/news-list.html" "Mozilla/5.0 (iPhone; CPU iPhone OS 11_0 like Mac OS X) AppleWebKit/604.1.38 (KHTML, like Gecko) Version/11.0 Mobile/15A372 Safari/604.1"
