::1 - - [06/Nov/2018:03:54:20 +0000] "GET / HTTP/1.1" 200 30424 "-" "Mozilla/5.0 (Windows NT 10.0; Win64; x64) AppleWebKit/537.36 (KHTML, like Gecko) Chrome/70.0.3538.77 Safari/537.36"
::1 - - [06/Nov/2018:03:54:20 +0000] "GET /index.b4f6bcb9.css?b4f6bcb9a99f4f2d5e9c HTTP/1.1" 200 71536 "http://localhost:3000/" "Mozilla/5.0 (Windows NT 10.0; Win64; x64) AppleWebKit/537.36 (KHTML, like Gecko) Chrome/70.0.3538.77 Safari/537.36"
::1 - - [06/Nov/2018:03:54:20 +0000] "GET /index.b4f6bcb9a99f4f2d5e9c.js?b4f6bcb9a99f4f2d5e9c HTTP/1.1" 200 1564137 "http://localhost:3000/" "Mozilla/5.0 (Windows NT 10.0; Win64; x64) AppleWebKit/537.36 (KHTML, like Gecko) Chrome/70.0.3538.77 Safari/537.36"
::1 - - [06/Nov/2018:03:54:21 +0000] "GET /favicon.ico HTTP/1.1" 404 150 "http://localhost:3000/" "Mozilla/5.0 (Windows NT 10.0; Win64; x64) AppleWebKit/537.36 (KHTML, like Gecko) Chrome/70.0.3538.77 Safari/537.36"
::1 - - [06/Nov/2018:03:54:24 +0000] "GET / HTTP/1.1" 200 54191 "-" "Mozilla/5.0 (Windows NT 10.0; Win64; x64) AppleWebKit/537.36 (KHTML, like Gecko) Chrome/70.0.3538.77 Safari/537.36"
::1 - - [06/Nov/2018:03:54:24 +0000] "GET /__webpack_hmr HTTP/1.1" 200 - "http://localhost:3000/" "Mozilla/5.0 (Windows NT 10.0; Win64; x64) AppleWebKit/537.36 (KHTML, like Gecko) Chrome/70.0.3538.77 Safari/537.36"
::1 - - [06/Nov/2018:03:54:24 +0000] "GET /index.b4f6bcb9.css?b4f6bcb9a99f4f2d5e9c HTTP/1.1" 304 - "http://localhost:3000/" "Mozilla/5.0 (Windows NT 10.0; Win64; x64) AppleWebKit/537.36 (KHTML, like Gecko) Chrome/70.0.3538.77 Safari/537.36"
::1 - - [06/Nov/2018:03:54:24 +0000] "GET /index.b4f6bcb9a99f4f2d5e9c.js?b4f6bcb9a99f4f2d5e9c HTTP/1.1" 304 - "http://localhost:3000/" "Mozilla/5.0 (Windows NT 10.0; Win64; x64) AppleWebKit/537.36 (KHTML, like Gecko) Chrome/70.0.3538.77 Safari/537.36"
::1 - - [06/Nov/2018:03:54:39 +0000] "GET /index.html HTTP/1.1" 302 46 "http://localhost:3000/" "Mozilla/5.0 (Windows NT 10.0; Win64; x64) AppleWebKit/537.36 (KHTML, like Gecko) Chrome/70.0.3538.77 Safari/537.36"
::1 - - [06/Nov/2018:03:54:39 +0000] "GET / HTTP/1.1" 304 - "http://localhost:3000/" "Mozilla/5.0 (Windows NT 10.0; Win64; x64) AppleWebKit/537.36 (KHTML, like Gecko) Chrome/70.0.3538.77 Safari/537.36"
::1 - - [06/Nov/2018:03:54:39 +0000] "GET /__webpack_hmr HTTP/1.1" 200 - "http://localhost:3000/" "Mozilla/5.0 (Windows NT 10.0; Win64; x64) AppleWebKit/537.36 (KHTML, like Gecko) Chrome/70.0.3538.77 Safari/537.36"
::1 - - [06/Nov/2018:03:54:39 +0000] "GET /index.b4f6bcb9.css?b4f6bcb9a99f4f2d5e9c HTTP/1.1" 304 - "http://localhost:3000/" "Mozilla/5.0 (Windows NT 10.0; Win64; x64) AppleWebKit/537.36 (KHTML, like Gecko) Chrome/70.0.3538.77 Safari/537.36"
::1 - - [06/Nov/2018:03:54:39 +0000] "GET /index.b4f6bcb9a99f4f2d5e9c.js?b4f6bcb9a99f4f2d5e9c HTTP/1.1" 304 - "http://localhost:3000/" "Mozilla/5.0 (Windows NT 10.0; Win64; x64) AppleWebKit/537.36 (KHTML, like Gecko) Chrome/70.0.3538.77 Safari/537.36"
::1 - - [06/Nov/2018:03:54:41 +0000] "GET / HTTP/1.1" 304 - "http://localhost:3000/" "Mozilla/5.0 (Windows NT 10.0; Win64; x64) AppleWebKit/537.36 (KHTML, like Gecko) Chrome/70.0.3538.77 Safari/537.36"
::1 - - [06/Nov/2018:03:54:41 +0000] "GET /__webpack_hmr HTTP/1.1" 200 - "http://localhost:3000/" "Mozilla/5.0 (Windows NT 10.0; Win64; x64) AppleWebKit/537.36 (KHTML, like Gecko) Chrome/70.0.3538.77 Safari/537.36"
::1 - - [06/Nov/2018:03:54:41 +0000] "GET /index.b4f6bcb9.css?b4f6bcb9a99f4f2d5e9c HTTP/1.1" 304 - "http://localhost:3000/" "Mozilla/5.0 (Windows NT 10.0; Win64; x64) AppleWebKit/537.36 (KHTML, like Gecko) Chrome/70.0.3538.77 Safari/537.36"
::1 - - [06/Nov/2018:03:54:42 +0000] "GET /index.b4f6bcb9a99f4f2d5e9c.js?b4f6bcb9a99f4f2d5e9c HTTP/1.1" 304 - "http://localhost:3000/" "Mozilla/5.0 (Windows NT 10.0; Win64; x64) AppleWebKit/537.36 (KHTML, like Gecko) Chrome/70.0.3538.77 Safari/537.36"
::1 - - [06/Nov/2018:03:55:32 +0000] "GET / HTTP/1.1" 200 30424 "http://localhost:3000/" "Mozilla/5.0 (Windows NT 10.0; Win64; x64) AppleWebKit/537.36 (KHTML, like Gecko) Chrome/70.0.3538.77 Safari/537.36"
::1 - - [06/Nov/2018:03:55:32 +0000] "GET /__webpack_hmr HTTP/1.1" 200 - "http://localhost:3000/" "Mozilla/5.0 (Windows NT 10.0; Win64; x64) AppleWebKit/537.36 (KHTML, like Gecko) Chrome/70.0.3538.77 Safari/537.36"
::1 - - [06/Nov/2018:03:55:32 +0000] "GET /index.b4f6bcb9.css?b4f6bcb9a99f4f2d5e9c HTTP/1.1" 304 - "http://localhost:3000/" "Mozilla/5.0 (Windows NT 10.0; Win64; x64) AppleWebKit/537.36 (KHTML, like Gecko) Chrome/70.0.3538.77 Safari/537.36"
::1 - - [06/Nov/2018:03:55:32 +0000] "GET /index.b4f6bcb9a99f4f2d5e9c.js?b4f6bcb9a99f4f2d5e9c HTTP/1.1" 304 - "http://localhost:3000/" "Mozilla/5.0 (Windows NT 10.0; Win64; x64) AppleWebKit/537.36 (KHTML, like Gecko) Chrome/70.0.3538.77 Safari/537.36"
::1 - - [06/Nov/2018:03:55:35 +0000] "GET / HTTP/1.1" 200 54191 "http://localhost:3000/" "Mozilla/5.0 (Windows NT 10.0; Win64; x64) AppleWebKit/537.36 (KHTML, like Gecko) Chrome/70.0.3538.77 Safari/537.36"
::1 - - [06/Nov/2018:03:55:35 +0000] "GET /__webpack_hmr HTTP/1.1" 200 - "http://localhost:3000/" "Mozilla/5.0 (Windows NT 10.0; Win64; x64) AppleWebKit/537.36 (KHTML, like Gecko) Chrome/70.0.3538.77 Safari/537.36"
::1 - - [06/Nov/2018:03:55:35 +0000] "GET /index.b4f6bcb9.css?b4f6bcb9a99f4f2d5e9c HTTP/1.1" 304 - "http://localhost:3000/" "Mozilla/5.0 (Windows NT 10.0; Win64; x64) AppleWebKit/537.36 (KHTML, like Gecko) Chrome/70.0.3538.77 Safari/537.36"
::1 - - [06/Nov/2018:03:55:35 +0000] "GET /index.b4f6bcb9a99f4f2d5e9c.js?b4f6bcb9a99f4f2d5e9c HTTP/1.1" 304 - "http://localhost:3000/" "Mozilla/5.0 (Windows NT 10.0; Win64; x64) AppleWebKit/537.36 (KHTML, like Gecko) Chrome/70.0.3538.77 Safari/537.36"
::1 - - [06/Nov/2018:03:55:38 +0000] "GET / HTTP/1.1" 304 - "http://localhost:3000/" "Mozilla/5.0 (Windows NT 10.0; Win64; x64) AppleWebKit/537.36 (KHTML, like Gecko) Chrome/70.0.3538.77 Safari/537.36"
::1 - - [06/Nov/2018:03:55:38 +0000] "GET /__webpack_hmr HTTP/1.1" 200 - "http://localhost:3000/" "Mozilla/5.0 (Windows NT 10.0; Win64; x64) AppleWebKit/537.36 (KHTML, like Gecko) Chrome/70.0.3538.77 Safari/537.36"
::1 - - [06/Nov/2018:03:55:38 +0000] "GET /index.b4f6bcb9.css?b4f6bcb9a99f4f2d5e9c HTTP/1.1" 304 - "http://localhost:3000/" "Mozilla/5.0 (Windows NT 10.0; Win64; x64) AppleWebKit/537.36 (KHTML, like Gecko) Chrome/70.0.3538.77 Safari/537.36"
::1 - - [06/Nov/2018:03:55:38 +0000] "GET /index.b4f6bcb9a99f4f2d5e9c.js?b4f6bcb9a99f4f2d5e9c HTTP/1.1" 304 - "http://localhost:3000/" "Mozilla/5.0 (Windows NT 10.0; Win64; x64) AppleWebKit/537.36 (KHTML, like Gecko) Chrome/70.0.3538.77 Safari/537.36"
::1 - - [06/Nov/2018:03:55:41 +0000] "GET /__webpack_hmr HTTP/1.1" 200 - "http://localhost:3000/" "Mozilla/5.0 (Windows NT 10.0; Win64; x64) AppleWebKit/537.36 (KHTML, like Gecko) Chrome/70.0.3538.77 Safari/537.36"
::1 - - [06/Nov/2018:03:56:22 +0000] "GET / HTTP/1.1" 200 30424 "-" "Mozilla/5.0 (Windows NT 10.0; Win64; x64) AppleWebKit/537.36 (KHTML, like Gecko) Chrome/70.0.3538.77 Safari/537.36"
::1 - - [06/Nov/2018:03:56:22 +0000] "GET /index.b4f6bcb9.css?b4f6bcb9a99f4f2d5e9c HTTP/1.1" 304 - "http://localhost:3000/" "Mozilla/5.0 (Windows NT 10.0; Win64; x64) AppleWebKit/537.36 (KHTML, like Gecko) Chrome/70.0.3538.77 Safari/537.36"
::1 - - [06/Nov/2018:03:56:22 +0000] "GET /index.b4f6bcb9a99f4f2d5e9c.js?b4f6bcb9a99f4f2d5e9c HTTP/1.1" 304 - "http://localhost:3000/" "Mozilla/5.0 (Windows NT 10.0; Win64; x64) AppleWebKit/537.36 (KHTML, like Gecko) Chrome/70.0.3538.77 Safari/537.36"
